<?xml version="1.0" encoding="UTF-8"?>
<robot generator="Robot 7.3.2 (Python 3.13.7 on win32)" generated="2025-10-29T16:00:52.078504" rpa="false" schemaversion="5">
<suite id="s1" name="Get Request" source="C:\Dev\Robotframework_Automation\RequestsLibrary\get_request.robot">
<test id="s1-t1" name="Get All Ids" line="11">
<kw name="Create Session" owner="RequestsLibrary">
<msg time="2025-10-29T16:00:52.243345" level="INFO">Creating Session using : alias=SESSION, url=https://restful-booker.herokuapp.com, headers={},                     cookies={}, auth=None, timeout=None, proxies=None, verify=False,                     debug=0 </msg>
<arg>SESSION</arg>
<arg>${BASE_URL}</arg>
<arg>disable_warnings=1</arg>
<doc>Create Session: create a HTTP session to a server</doc>
<status status="PASS" start="2025-10-29T16:00:52.243109" elapsed="0.000420"/>
</kw>
<kw name="GET On Session" owner="RequestsLibrary">
<msg time="2025-10-29T16:00:52.985166" level="INFO">GET Request : url=https://restful-booker.herokuapp.com/booking 
 path_url=/booking 
 headers={'User-Agent': 'python-requests/2.32.5', 'Accept-Encoding': 'gzip, deflate', 'Accept': '*/*', 'Connection': 'keep-alive'} 
 body=None 
 </msg>
<msg time="2025-10-29T16:00:52.985344" level="INFO">GET Response : url=https://restful-booker.herokuapp.com/booking 
 status=200, reason=OK 
 headers={'Content-Length': '67445', 'Content-Type': 'application/json; charset=utf-8', 'Date': 'Wed, 29 Oct 2025 15:00:50 GMT', 'Etag': 'W/"10775-Ko+9LzfktEJxhuuk1VTN/CTHVF8"', 'Nel': '{"report_to":"heroku-nel","response_headers":["Via"],"max_age":3600,"success_fraction":0.01,"failure_fraction":0.1}', 'Report-To': '{"group":"heroku-nel","endpoints":[{"url":"https://nel.heroku.com/reports?s=iNmlI19Rby%2FMWAui%2BH5ohxz7IxLN96MhupDcPKPoWJ8%3D\\u0026sid=c46efe9b-d3d2-4a0c-8c76-bfafa16c5add\\u0026ts=1761750050"}],"max_age":3600}', 'Reporting-Endpoints': 'heroku-nel="https://nel.heroku.com/reports?s=iNmlI19Rby%2FMWAui%2BH5ohxz7IxLN96MhupDcPKPoWJ8%3D&amp;sid=c46efe9b-d3d2-4a0c-8c76-bfafa16c5add&amp;ts=1761750050"', 'Server': 'Heroku', 'Via': '1.1 heroku-router', 'X-Powered-By': 'Express'} 
 body=[{"bookingid":1771},{"bookingid":368},{"bookingid":2199},{"bookingid":3077},{"bookingid":5257},{"bookingid":3338},{"bookingid":1759},{"bookingid":4355},{"bookingid":2416},{"bookingid":2401},{"bookingid":3121},{"bookingid":4228},{"bookingid":3584},{"bookingid":4739},{"bookingid":1802},{"bookingid":4503},{"bookingid":3730},{"bookingid":539},{"bookingid":2488},{"bookingid":2133},{"bookingid":2728},{"bookingid":5010},{"bookingid":2012},{"bookingid":1918},{"bookingid":1413},{"bookingid":1724},{"bookingid":2816},{"bookingid":596},{"bookingid":4096},{"bookingid":4342},{"bookingid":3999},{"bookingid":4335},{"bookingid":659},{"bookingid":3280},{"bookingid":1933},{"bookingid":4612},{"bookingid":3549},{"bookingid":1888},{"bookingid":2799},{"bookingid":696},{"bookingid":2163},{"bookingid":4704},{"bookingid":3411},{"bookingid":4285},{"bookingid":4013},{"bookingid":1349},{"bookingid":2272},{"bookingid":2073},{"bookingid":1238},{"bookingid":1908},{"bookingid":1080},{"bookingid":519},{"bookingid":241},{"bookingid":4540},{"bookingid":2989},{"bookingid":2239},{"bookingid":109},{"bookingid":1741},{"bookingid":3720},{"bookingid":4164},{"bookingid":1961},{"bookingid":542},{"bookingid":670},{"bookingid":2261},{"bookingid":4528},{"bookingid":3979},{"bookingid":4530},{"bookingid":2738},{"bookingid":472},{"bookingid":4924},{"bookingid":3394},{"bookingid":2340},{"bookingid":2648},{"bookingid":4231},{"bookingid":689},{"bookingid":1660},{"bookingid":4625},{"bookingid":4822},{"bookingid":3385},{"bookingid":3809},{"bookingid":3017},{"bookingid":195},{"bookingid":4805},{"bookingid":3226},{"bookingid":1007},{"bookingid":3014},{"bookingid":3624},{"bookingid":487},{"bookingid":557},{"bookingid":4791},{"bookingid":1251},{"bookingid":78},{"bookingid":5042},{"bookingid":3039},{"bookingid":1730},{"bookingid":2088},{"bookingid":3116},{"bookingid":4826},{"bookingid":4044},{"bookingid":1284},{"bookingid":3636},{"bookingid":4862},{"bookingid":3880},{"bookingid":3575},{"bookingid":1279},{"bookingid":60},{"bookingid":2374},{"bookingid":2391},{"bookingid":1508},{"bookingid":355},{"bookingid":4370},{"bookingid":4126},{"bookingid":438},{"bookingid":641},{"bookingid":2080},{"bookingid":2173},{"bookingid":183},{"bookingid":2349},{"bookingid":4657},{"bookingid":2693},{"bookingid":1681},{"bookingid":3195},{"bookingid":582},{"bookingid":1868},{"bookingid":2297},{"bookingid":2553},{"bookingid":3201},{"bookingid":4543},{"bookingid":3800},{"bookingid":1209},{"bookingid":838},{"bookingid":1048},{"bookingid":2158},{"bookingid":668},{"bookingid":1798},{"bookingid":1155},{"bookingid":2972},{"bookingid":4436},{"bookingid":2645},{"bookingid":3199},{"bookingid":1213},{"bookingid":3314},{"bookingid":2312},{"bookingid":786},{"bookingid":3815},{"bookingid":2778},{"bookingid":3550},{"bookingid":5084},{"bookingid":469},{"bookingid":4345},{"bookingid":4478},{"bookingid":4460},{"bookingid":1767},{"bookingid":4987},{"bookingid":5166},{"bookingid":1842},{"bookingid":3896},{"bookingid":5235},{"bookingid":808},{"bookingid":795},{"bookingid":5039},{"bookingid":3298},{"bookingid":5217},{"bookingid":3012},{"bookingid":2448},{"bookingid":785},{"bookingid":3963},{"bookingid":756},{"bookingid":2558},{"bookingid":4590},{"bookingid":1623},{"bookingid":269},{"bookingid":3044},{"bookingid":3128},{"bookingid":1319},{"bookingid":1859},{"bookingid":2568},{"bookingid":3784},{"bookingid":1630},{"bookingid":1335},{"bookingid":2685},{"bookingid":4970},{"bookingid":222},{"bookingid":2155},{"bookingid":2412},{"bookingid":3617},{"bookingid":2490},{"bookingid":1948},{"bookingid":1655},{"bookingid":3459},{"bookingid":3144},{"bookingid":3308},{"bookingid":4475},{"bookingid":2211},{"bookingid":2791},{"bookingid":3031},{"bookingid":271},{"bookingid":3089},{"bookingid":1000},{"bookingid":4741},{"bookingid":918},{"bookingid":1783},{"bookingid":4957},{"bookingid":631},{"bookingid":3826},{"bookingid":3297},{"bookingid":3745},{"bookingid":4939},{"bookingid":4362},{"bookingid":3846},{"bookingid":3237},{"bookingid":4230},{"bookingid":560},{"bookingid":189},{"bookingid":3099},{"bookingid":3640},{"bookingid":2644},{"bookingid":917},{"bookingid":3358},{"bookingid":3504},{"bookingid":1258},{"bookingid":2027},{"bookingid":572},{"bookingid":4750},{"bookingid":705},{"bookingid":2570},{"bookingid":1077},{"bookingid":459},{"bookingid":2775},{"bookingid":4574},{"bookingid":1855},{"bookingid":2710},{"bookingid":3269},{"bookingid":584},{"bookingid":291},{"bookingid":700},{"bookingid":303},{"bookingid":1346},{"bookingid":944},{"bookingid":4522},{"bookingid":313},{"bookingid":1316},{"bookingid":2128},{"bookingid":3985},{"bookingid":1787},{"bookingid":3546},{"bookingid":2520},{"bookingid":192},{"bookingid":4328},{"bookingid":4182},{"bookingid":4203},{"bookingid":1512},{"bookingid":874},{"bookingid":1559},{"bookingid":1912},{"bookingid":3397},{"bookingid":949},{"bookingid":2927},{"bookingid":246},{"bookingid":2443},{"bookingid":2358},{"bookingid":4827},{"bookingid":1815},{"bookingid":4113},{"bookingid":561},{"bookingid":4515},{"bookingid":5019},{"bookingid":3682},{"bookingid":2381},{"bookingid":939},{"bookingid":3374},{"bookingid":591},{"bookingid":1022},{"bookingid":2069},{"bookingid":4781},{"bookingid":1163},{"bookingid":2686},{"bookingid":4538},{"bookingid":3143},{"bookingid":1394},{"bookingid":1477},{"bookingid":2439},{"bookingid":4881},{"bookingid":3838},{"bookingid":574},{"bookingid":292},{"bookingid":4806},{"bookingid":84},{"bookingid":538},{"bookingid":904},{"bookingid":396},{"bookingid":3133},{"bookingid":4019},{"bookingid":2126},{"bookingid":4237},{"bookingid":5136},{"bookingid":3309},{"bookingid":4925},{"bookingid":1897},{"bookingid":1990},{"bookingid":1050},{"bookingid":535},{"bookingid":2525},{"bookingid":823},{"bookingid":1305},{"bookingid":2159},{"bookingid":436},{"bookingid":2237},{"bookingid":3524},{"bookingid":1500},{"bookingid":3407},{"bookingid":5173},{"bookingid":2346},{"bookingid":863},{"bookingid":4596},{"bookingid":18},{"bookingid":5106},{"bookingid":1306},{"bookingid":5192},{"bookingid":419},{"bookingid":2857},{"bookingid":812},{"bookingid":2180},{"bookingid":7},{"bookingid":259},{"bookingid":2906},{"bookingid":4886},{"bookingid":4707},{"bookingid":1026},{"bookingid":3272},{"bookingid":4967},{"bookingid":1925},{"bookingid":3633},{"bookingid":3136},{"bookingid":532},{"bookingid":2619},{"bookingid":3909},{"bookingid":37},{"bookingid":1958},{"bookingid":99},{"bookingid":4744},{"bookingid":2058},{"bookingid":4450},{"bookingid":3791},{"bookingid":1275},{"bookingid":2858},{"bookingid":2615},{"bookingid":3799},{"bookingid":2379},{"bookingid":3245},{"bookingid":3105},{"bookingid":4403},{"bookingid":4941},{"bookingid":282},{"bookingid":3873},{"bookingid":3004},{"bookingid":1289},{"bookingid":2511},{"bookingid":4947},{"bookingid":3906},{"bookingid":3166},{"bookingid":3939},{"bookingid":2125},{"bookingid":1950},{"bookingid":4570},{"bookingid":4407},{"bookingid":3758},{"bookingid":1293},{"bookingid":4646},{"bookingid":2351},{"bookingid":3708},{"bookingid":2498},{"bookingid":2589},{"bookingid":1861},{"bookingid":5205},{"bookingid":2688},{"bookingid":5052},{"bookingid":2249},{"bookingid":2596},{"bookingid":2950},{"bookingid":400},{"bookingid":4715},{"bookingid":353},{"bookingid":2337},{"bookingid":1325},{"bookingid":2023},{"bookingid":3855},{"bookingid":2922},{"bookingid":2255},{"bookingid":4242},{"bookingid":581},{"bookingid":2638},{"bookingid":4414},{"bookingid":1779},{"bookingid":1780},{"bookingid":2706},{"bookingid":4729},{"bookingid":1184},{"bookingid":3339},{"bookingid":3508},{"bookingid":2963},{"bookingid":2687},{"bookingid":4907},{"bookingid":1723},{"bookingid":1448},{"bookingid":4061},{"bookingid":544},{"bookingid":1790},{"bookingid":1686},{"bookingid":2659},{"bookingid":4440},{"bookingid":1778},{"bookingid":3455},{"bookingid":2869},{"bookingid":2003},{"bookingid":3395},{"bookingid":4508},{"bookingid":3488},{"bookingid":1322},{"bookingid":4422},{"bookingid":4136},{"bookingid":442},{"bookingid":324},{"bookingid":4627},{"bookingid":4917},{"bookingid":2059},{"bookingid":4721},{"bookingid":3431},{"bookingid":606},{"bookingid":4550},{"bookingid":484},{"bookingid":1647},{"bookingid":4316},{"bookingid":2541},{"bookingid":240},{"bookingid":2267},{"bookingid":4346},{"bookingid":3736},{"bookingid":2800},{"bookingid":1502},{"bookingid":4787},{"bookingid":5049},{"bookingid":2245},{"bookingid":894},{"bookingid":4681},{"bookingid":3702},{"bookingid":847},{"bookingid":4814},{"bookingid":3205},{"bookingid":1415},{"bookingid":3211},{"bookingid":5245},{"bookingid":3941},{"bookingid":3088},{"bookingid":3759},{"bookingid":2293},{"bookingid":1636},{"bookingid":3231},{"bookingid":3052},{"bookingid":1054},{"bookingid":2499},{"bookingid":2164},{"bookingid":1141},{"bookingid":4644},{"bookingid":1376},{"bookingid":972},{"bookingid":1490},{"bookingid":1115},{"bookingid":1410},{"bookingid":1427},{"bookingid":4454},{"bookingid":1599},{"bookingid":617},{"bookingid":2119},{"bookingid":1621},{"bookingid":3163},{"bookingid":2883},{"bookingid":1728},{"bookingid":3333},{"bookingid":3062},{"bookingid":2668},{"bookingid":2190},{"bookingid":5065},{"bookingid":28},{"bookingid":4722},{"bookingid":996},{"bookingid":4904},{"bookingid":3811},{"bookingid":4575},{"bookingid":2002},{"bookingid":3327},{"bookingid":3727},{"bookingid":4209},{"bookingid":4676},{"bookingid":1721},{"bookingid":3701},{"bookingid":1068},{"bookingid":3616},{"bookingid":3440},{"bookingid":2435},{"bookingid":1583},{"bookingid":1429},{"bookingid":1543},{"bookingid":1975},{"bookingid":2316},{"bookingid":173},{"bookingid":2278},{"bookingid":2998},{"bookingid":4728},{"bookingid":3578},{"bookingid":3222},{"bookingid":3819},{"bookingid":1906},{"bookingid":1973},{"bookingid":5126},{"bookingid":475},{"bookingid":3026},{"bookingid":630},{"bookingid":4018},{"bookingid":818},{"bookingid":3250},{"bookingid":85},{"bookingid":1045},{"bookingid":11},{"bookingid":4435},{"bookingid":2512},{"bookingid":2138},{"bookingid":244},{"bookingid":1065},{"bookingid":2263},{"bookingid":4466},{"bookingid":172... (set the log level to DEBUG or TRACE to see the full content) 
 </msg>
<msg time="2025-10-29T16:00:52.985782" level="INFO">${response} = &lt;Response [200]&gt;</msg>
<var>${response}</var>
<arg>SESSION</arg>
<arg>${ENDPOINT}</arg>
<doc>Sends a GET request on a previously created HTTP Session.</doc>
<status status="PASS" start="2025-10-29T16:00:52.243852" elapsed="0.741966"/>
</kw>
<kw name="Status Should Be" owner="RequestsLibrary">
<arg>200</arg>
<doc>Fails if response status code is different than the expected.</doc>
<status status="PASS" start="2025-10-29T16:00:52.986153" elapsed="0.000136"/>
</kw>
<kw name="Log" owner="BuiltIn">
<msg time="2025-10-29T16:00:52.986997" level="INFO">[{"bookingid":1771},{"bookingid":368},{"bookingid":2199},{"bookingid":3077},{"bookingid":5257},{"bookingid":3338},{"bookingid":1759},{"bookingid":4355},{"bookingid":2416},{"bookingid":2401},{"bookingid":3121},{"bookingid":4228},{"bookingid":3584},{"bookingid":4739},{"bookingid":1802},{"bookingid":4503},{"bookingid":3730},{"bookingid":539},{"bookingid":2488},{"bookingid":2133},{"bookingid":2728},{"bookingid":5010},{"bookingid":2012},{"bookingid":1918},{"bookingid":1413},{"bookingid":1724},{"bookingid":2816},{"bookingid":596},{"bookingid":4096},{"bookingid":4342},{"bookingid":3999},{"bookingid":4335},{"bookingid":659},{"bookingid":3280},{"bookingid":1933},{"bookingid":4612},{"bookingid":3549},{"bookingid":1888},{"bookingid":2799},{"bookingid":696},{"bookingid":2163},{"bookingid":4704},{"bookingid":3411},{"bookingid":4285},{"bookingid":4013},{"bookingid":1349},{"bookingid":2272},{"bookingid":2073},{"bookingid":1238},{"bookingid":1908},{"bookingid":1080},{"bookingid":519},{"bookingid":241},{"bookingid":4540},{"bookingid":2989},{"bookingid":2239},{"bookingid":109},{"bookingid":1741},{"bookingid":3720},{"bookingid":4164},{"bookingid":1961},{"bookingid":542},{"bookingid":670},{"bookingid":2261},{"bookingid":4528},{"bookingid":3979},{"bookingid":4530},{"bookingid":2738},{"bookingid":472},{"bookingid":4924},{"bookingid":3394},{"bookingid":2340},{"bookingid":2648},{"bookingid":4231},{"bookingid":689},{"bookingid":1660},{"bookingid":4625},{"bookingid":4822},{"bookingid":3385},{"bookingid":3809},{"bookingid":3017},{"bookingid":195},{"bookingid":4805},{"bookingid":3226},{"bookingid":1007},{"bookingid":3014},{"bookingid":3624},{"bookingid":487},{"bookingid":557},{"bookingid":4791},{"bookingid":1251},{"bookingid":78},{"bookingid":5042},{"bookingid":3039},{"bookingid":1730},{"bookingid":2088},{"bookingid":3116},{"bookingid":4826},{"bookingid":4044},{"bookingid":1284},{"bookingid":3636},{"bookingid":4862},{"bookingid":3880},{"bookingid":3575},{"bookingid":1279},{"bookingid":60},{"bookingid":2374},{"bookingid":2391},{"bookingid":1508},{"bookingid":355},{"bookingid":4370},{"bookingid":4126},{"bookingid":438},{"bookingid":641},{"bookingid":2080},{"bookingid":2173},{"bookingid":183},{"bookingid":2349},{"bookingid":4657},{"bookingid":2693},{"bookingid":1681},{"bookingid":3195},{"bookingid":582},{"bookingid":1868},{"bookingid":2297},{"bookingid":2553},{"bookingid":3201},{"bookingid":4543},{"bookingid":3800},{"bookingid":1209},{"bookingid":838},{"bookingid":1048},{"bookingid":2158},{"bookingid":668},{"bookingid":1798},{"bookingid":1155},{"bookingid":2972},{"bookingid":4436},{"bookingid":2645},{"bookingid":3199},{"bookingid":1213},{"bookingid":3314},{"bookingid":2312},{"bookingid":786},{"bookingid":3815},{"bookingid":2778},{"bookingid":3550},{"bookingid":5084},{"bookingid":469},{"bookingid":4345},{"bookingid":4478},{"bookingid":4460},{"bookingid":1767},{"bookingid":4987},{"bookingid":5166},{"bookingid":1842},{"bookingid":3896},{"bookingid":5235},{"bookingid":808},{"bookingid":795},{"bookingid":5039},{"bookingid":3298},{"bookingid":5217},{"bookingid":3012},{"bookingid":2448},{"bookingid":785},{"bookingid":3963},{"bookingid":756},{"bookingid":2558},{"bookingid":4590},{"bookingid":1623},{"bookingid":269},{"bookingid":3044},{"bookingid":3128},{"bookingid":1319},{"bookingid":1859},{"bookingid":2568},{"bookingid":3784},{"bookingid":1630},{"bookingid":1335},{"bookingid":2685},{"bookingid":4970},{"bookingid":222},{"bookingid":2155},{"bookingid":2412},{"bookingid":3617},{"bookingid":2490},{"bookingid":1948},{"bookingid":1655},{"bookingid":3459},{"bookingid":3144},{"bookingid":3308},{"bookingid":4475},{"bookingid":2211},{"bookingid":2791},{"bookingid":3031},{"bookingid":271},{"bookingid":3089},{"bookingid":1000},{"bookingid":4741},{"bookingid":918},{"bookingid":1783},{"bookingid":4957},{"bookingid":631},{"bookingid":3826},{"bookingid":3297},{"bookingid":3745},{"bookingid":4939},{"bookingid":4362},{"bookingid":3846},{"bookingid":3237},{"bookingid":4230},{"bookingid":560},{"bookingid":189},{"bookingid":3099},{"bookingid":3640},{"bookingid":2644},{"bookingid":917},{"bookingid":3358},{"bookingid":3504},{"bookingid":1258},{"bookingid":2027},{"bookingid":572},{"bookingid":4750},{"bookingid":705},{"bookingid":2570},{"bookingid":1077},{"bookingid":459},{"bookingid":2775},{"bookingid":4574},{"bookingid":1855},{"bookingid":2710},{"bookingid":3269},{"bookingid":584},{"bookingid":291},{"bookingid":700},{"bookingid":303},{"bookingid":1346},{"bookingid":944},{"bookingid":4522},{"bookingid":313},{"bookingid":1316},{"bookingid":2128},{"bookingid":3985},{"bookingid":1787},{"bookingid":3546},{"bookingid":2520},{"bookingid":192},{"bookingid":4328},{"bookingid":4182},{"bookingid":4203},{"bookingid":1512},{"bookingid":874},{"bookingid":1559},{"bookingid":1912},{"bookingid":3397},{"bookingid":949},{"bookingid":2927},{"bookingid":246},{"bookingid":2443},{"bookingid":2358},{"bookingid":4827},{"bookingid":1815},{"bookingid":4113},{"bookingid":561},{"bookingid":4515},{"bookingid":5019},{"bookingid":3682},{"bookingid":2381},{"bookingid":939},{"bookingid":3374},{"bookingid":591},{"bookingid":1022},{"bookingid":2069},{"bookingid":4781},{"bookingid":1163},{"bookingid":2686},{"bookingid":4538},{"bookingid":3143},{"bookingid":1394},{"bookingid":1477},{"bookingid":2439},{"bookingid":4881},{"bookingid":3838},{"bookingid":574},{"bookingid":292},{"bookingid":4806},{"bookingid":84},{"bookingid":538},{"bookingid":904},{"bookingid":396},{"bookingid":3133},{"bookingid":4019},{"bookingid":2126},{"bookingid":4237},{"bookingid":5136},{"bookingid":3309},{"bookingid":4925},{"bookingid":1897},{"bookingid":1990},{"bookingid":1050},{"bookingid":535},{"bookingid":2525},{"bookingid":823},{"bookingid":1305},{"bookingid":2159},{"bookingid":436},{"bookingid":2237},{"bookingid":3524},{"bookingid":1500},{"bookingid":3407},{"bookingid":5173},{"bookingid":2346},{"bookingid":863},{"bookingid":4596},{"bookingid":18},{"bookingid":5106},{"bookingid":1306},{"bookingid":5192},{"bookingid":419},{"bookingid":2857},{"bookingid":812},{"bookingid":2180},{"bookingid":7},{"bookingid":259},{"bookingid":2906},{"bookingid":4886},{"bookingid":4707},{"bookingid":1026},{"bookingid":3272},{"bookingid":4967},{"bookingid":1925},{"bookingid":3633},{"bookingid":3136},{"bookingid":532},{"bookingid":2619},{"bookingid":3909},{"bookingid":37},{"bookingid":1958},{"bookingid":99},{"bookingid":4744},{"bookingid":2058},{"bookingid":4450},{"bookingid":3791},{"bookingid":1275},{"bookingid":2858},{"bookingid":2615},{"bookingid":3799},{"bookingid":2379},{"bookingid":3245},{"bookingid":3105},{"bookingid":4403},{"bookingid":4941},{"bookingid":282},{"bookingid":3873},{"bookingid":3004},{"bookingid":1289},{"bookingid":2511},{"bookingid":4947},{"bookingid":3906},{"bookingid":3166},{"bookingid":3939},{"bookingid":2125},{"bookingid":1950},{"bookingid":4570},{"bookingid":4407},{"bookingid":3758},{"bookingid":1293},{"bookingid":4646},{"bookingid":2351},{"bookingid":3708},{"bookingid":2498},{"bookingid":2589},{"bookingid":1861},{"bookingid":5205},{"bookingid":2688},{"bookingid":5052},{"bookingid":2249},{"bookingid":2596},{"bookingid":2950},{"bookingid":400},{"bookingid":4715},{"bookingid":353},{"bookingid":2337},{"bookingid":1325},{"bookingid":2023},{"bookingid":3855},{"bookingid":2922},{"bookingid":2255},{"bookingid":4242},{"bookingid":581},{"bookingid":2638},{"bookingid":4414},{"bookingid":1779},{"bookingid":1780},{"bookingid":2706},{"bookingid":4729},{"bookingid":1184},{"bookingid":3339},{"bookingid":3508},{"bookingid":2963},{"bookingid":2687},{"bookingid":4907},{"bookingid":1723},{"bookingid":1448},{"bookingid":4061},{"bookingid":544},{"bookingid":1790},{"bookingid":1686},{"bookingid":2659},{"bookingid":4440},{"bookingid":1778},{"bookingid":3455},{"bookingid":2869},{"bookingid":2003},{"bookingid":3395},{"bookingid":4508},{"bookingid":3488},{"bookingid":1322},{"bookingid":4422},{"bookingid":4136},{"bookingid":442},{"bookingid":324},{"bookingid":4627},{"bookingid":4917},{"bookingid":2059},{"bookingid":4721},{"bookingid":3431},{"bookingid":606},{"bookingid":4550},{"bookingid":484},{"bookingid":1647},{"bookingid":4316},{"bookingid":2541},{"bookingid":240},{"bookingid":2267},{"bookingid":4346},{"bookingid":3736},{"bookingid":2800},{"bookingid":1502},{"bookingid":4787},{"bookingid":5049},{"bookingid":2245},{"bookingid":894},{"bookingid":4681},{"bookingid":3702},{"bookingid":847},{"bookingid":4814},{"bookingid":3205},{"bookingid":1415},{"bookingid":3211},{"bookingid":5245},{"bookingid":3941},{"bookingid":3088},{"bookingid":3759},{"bookingid":2293},{"bookingid":1636},{"bookingid":3231},{"bookingid":3052},{"bookingid":1054},{"bookingid":2499},{"bookingid":2164},{"bookingid":1141},{"bookingid":4644},{"bookingid":1376},{"bookingid":972},{"bookingid":1490},{"bookingid":1115},{"bookingid":1410},{"bookingid":1427},{"bookingid":4454},{"bookingid":1599},{"bookingid":617},{"bookingid":2119},{"bookingid":1621},{"bookingid":3163},{"bookingid":2883},{"bookingid":1728},{"bookingid":3333},{"bookingid":3062},{"bookingid":2668},{"bookingid":2190},{"bookingid":5065},{"bookingid":28},{"bookingid":4722},{"bookingid":996},{"bookingid":4904},{"bookingid":3811},{"bookingid":4575},{"bookingid":2002},{"bookingid":3327},{"bookingid":3727},{"bookingid":4209},{"bookingid":4676},{"bookingid":1721},{"bookingid":3701},{"bookingid":1068},{"bookingid":3616},{"bookingid":3440},{"bookingid":2435},{"bookingid":1583},{"bookingid":1429},{"bookingid":1543},{"bookingid":1975},{"bookingid":2316},{"bookingid":173},{"bookingid":2278},{"bookingid":2998},{"bookingid":4728},{"bookingid":3578},{"bookingid":3222},{"bookingid":3819},{"bookingid":1906},{"bookingid":1973},{"bookingid":5126},{"bookingid":475},{"bookingid":3026},{"bookingid":630},{"bookingid":4018},{"bookingid":818},{"bookingid":3250},{"bookingid":85},{"bookingid":1045},{"bookingid":11},{"bookingid":4435},{"bookingid":2512},{"bookingid":2138},{"bookingid":244},{"bookingid":1065},{"bookingid":2263},{"bookingid":4466},{"bookingid":1729},{"bookingid":2934},{"bookingid":677},{"bookingid":2547},{"bookingid":511},{"bookingid":3604},{"bookingid":3109},{"bookingid":4752},{"bookingid":1745},{"bookingid":2434},{"bookingid":1285},{"bookingid":5145},{"bookingid":3398},{"bookingid":1385},{"bookingid":2332},{"bookingid":4240},{"bookingid":3789},{"bookingid":1004},{"bookingid":2544},{"bookingid":2040},{"bookingid":2643},{"bookingid":3220},{"bookingid":4194},{"bookingid":380},{"bookingid":5214},{"bookingid":1604},{"bookingid":1017},{"bookingid":1606},{"bookingid":601},{"bookingid":2669},{"bookingid":1940},{"bookingid":2480},{"bookingid":2116},{"bookingid":2085},{"bookingid":164},{"bookingid":4176},{"bookingid":922},{"bookingid":2780},{"bookingid":1105},{"bookingid":624},{"bookingid":331},{"bookingid":4997},{"bookingid":2492},{"bookingid":2467},{"bookingid":4823},{"bookingid":5187},{"bookingid":2956},{"bookingid":1704},{"bookingid":3387},{"bookingid":1182},{"bookingid":1407},{"bookingid":1424},{"bookingid":1386},{"bookingid":416},{"bookingid":611},{"bookingid":3995},{"bookingid":2187},{"bookingid":4358},{"bookingid":5114},{"bookingid":3511},{"bookingid":2977},{"bookingid":3903},{"bookingid":338},{"bookingid":4181},{"bookingid":4081},{"bookingid":704},{"bookingid":2308},{"bookingid":3552},{"bookingid":14},{"bookingid":2526},{"bookingid":5233},{"bookingid":4994},{"bookingid":4490},{"bookingid":3711},{"bookingid":3090},{"bookingid":1714},{"bookingid":866},{"bookingid":4227},{"bookingid":3476},{"bookingid":1300},{"bookingid":2521},{"bookingid":3400},{"bookingid":779},{"bookingid":586},{"bookingid":833},{"bookingid":3803},{"bookingid":372},{"bookingid":3150},{"bookingid":3673},{"bookingid":2414},{"bookingid":1211},{"bookingid":4045},{"bookingid":62},{"bookingid":3996},{"bookingid":49},{"bookingid":4630},{"bookingid":4769},{"bookingid":1627},{"bookingid":114},{"bookingid":4587},{"bookingid":3968},{"bookingid":2993},{"bookingid":1444},{"bookingid":2865},{"bookingid":3082},{"bookingid":1245},{"bookingid":2592},{"bookingid":1482},{"bookingid":56},{"bookingid":151},{"bookingid":4885},{"bookingid":3160},{"bookingid":1793},{"bookingid":2460},{"bookingid":3553},{"bookingid":1875},{"bookingid":3821},{"bookingid":2804},{"bookingid":919},{"bookingid":1399},{"bookingid":1156},{"bookingid":1547},{"bookingid":2583},{"bookingid":3034},{"bookingid":2372},{"bookingid":2666},{"bookingid":3304},{"bookingid":3286},{"bookingid":1692},{"bookingid":3522},{"bookingid":4287},{"bookingid":4757},{"bookingid":1685},{"bookingid":4507},{"bookingid":3103},{"bookingid":3563},{"bookingid":5161},{"bookingid":2270},{"bookingid":3889},{"bookingid":701},{"bookingid":2626},{"bookingid":837},{"bookingid":3273},{"bookingid":3898},{"bookingid":175},{"bookingid":4308},{"bookingid":1937},{"bookingid":742},{"bookingid":1464},{"bookingid":387},{"bookingid":3671},{"bookingid":3501},{"bookingid":3261},{"bookingid":2555},{"bookingid":2887},{"bookingid":3366},{"bookingid":4309},{"bookingid":526},{"bookingid":3196},{"bookingid":2033},{"bookingid":4344},{"bookingid":2713},{"bookingid":4168},{"bookingid":5108},{"bookingid":1166},{"bookingid":1904},{"bookingid":3360},{"bookingid":1460},{"bookingid":5076},{"bookingid":2707},{"bookingid":2047},{"bookingid":1006},{"bookingid":3860},{"bookingid":15},{"bookingid":118},{"bookingid":2889},{"bookingid":2362},{"bookingid":2355},{"bookingid":1667},{"bookingid":2036},{"bookingid":4423},{"bookingid":5},{"bookingid":5014},{"bookingid":4611},{"bookingid":1431},{"bookingid":886},{"bookingid":4950},{"bookingid":5024},{"bookingid":2896},{"bookingid":953},{"bookingid":4084},{"bookingid":2578},{"bookingid":4833},{"bookingid":1056},{"bookingid":577},{"bookingid":1180},{"bookingid":5199},{"bookingid":2779},{"bookingid":3028},{"bookingid":4004},{"bookingid":3506},{"bookingid":2335},{"bookingid":1005},{"bookingid":2307},{"bookingid":3665},{"bookingid":5133},{"bookingid":4313},{"bookingid":3122},{"bookingid":3050},{"bookingid":3822},{"bookingid":4990},{"bookingid":943},{"bookingid":4360},{"bookingid":4394},{"bookingid":4796},{"bookingid":769},{"bookingid":490},{"bookingid":1563},{"bookingid":5033},{"bookingid":2475},{"bookingid":1010},{"bookingid":3238},{"bookingid":2112},{"bookingid":4771},{"bookingid":2920},{"bookingid":1770},{"bookingid":1076},{"bookingid":4151},{"bookingid":2917},{"bookingid":5188},{"bookingid":2981},{"bookingid":4795},{"bookingid":406},{"bookingid":1137},{"bookingid":2106},{"bookingid":393},{"bookingid":3738},{"bookingid":4323},{"bookingid":73},{"bookingid":4239},{"bookingid":3542},{"bookingid":5000},{"bookingid":1159},{"bookingid":1816},{"bookingid":4650},{"bookingid":1845},{"bookingid":3548},{"bookingid":2632},{"bookingid":2901},{"bookingid":4271},{"bookingid":4688},{"bookingid":4201},{"bookingid":1347},{"bookingid":4027},{"bookingid":1677},{"bookingid":65},{"bookingid":3913},{"bookingid":580},{"bookingid":4945},{"bookingid":1481},{"bookingid":3596},{"bookingid":1266},{"bookingid":407},{"bookingid":3337},{"bookingid":4352},{"bookingid":800},{"bookingid":5021},{"bookingid":2597},{"bookingid":3936},{"bookingid":2380},{"bookingid":2750},{"bookingid":4658},{"bookingid":231},{"bookingid":2026},{"bookingid":2789},{"bookingid":1261},{"bookingid":4695},{"bookingid":4095},{"bookingid":4207},{"bookingid":2082},{"bookingid":5040},{"bookingid":4108},{"bookingid":2092},{"bookingid":2982},{"bookingid":312},{"bookingid":3283},{"bookingid":1668},{"bookingid":4703},{"bookingid":4867},{"bookingid":5109},{"bookingid":1754},{"bookingid":2365},{"bookingid":1872},{"bookingid":1921},{"bookingid":139},{"bookingid":3832},{"bookingid":77},{"bookingid":3754},{"bookingid":4397},{"bookingid":2698},{"bookingid":5117},{"bookingid":1693},{"bookingid":3362},{"bookingid":2537},{"bookingid":4614},{"bookingid":2631},{"bookingid":2870},{"bookingid":4868},{"bookingid":3659},{"bookingid":2879},{"bookingid":2188},{"bookingid":2831},{"bookingid":4655},{"bookingid":3699},{"bookingid":2820},{"bookingid":1839},{"bookingid":914},{"bookingid":5095},{"bookingid":4534},{"bookingid":3662},{"bookingid":2204},{"bookingid":2118},{"bookingid":4387},{"bookingid":583},{"bookingid":1282},{"bookingid":781},{"bookingid":4046},{"bookingid":1666},{"bookingid":565},{"bookingid":2761},{"bookingid":1601},{"bookingid":357},{"bookingid":3785},{"bookingid":4671},{"bookingid":1176},{"bookingid":3602},{"bookingid":2090},{"bookingid":3528},{"bookingid":4337},{"bookingid":2875},{"bookingid":3694},{"bookingid":1185},{"bookingid":2560},{"bookingid":5074},{"bookingid":348},{"bookingid":2236},{"bookingid":1161},{"bookingid":776},{"bookingid":67},{"bookingid":4603},{"bookingid":1088},{"bookingid":1239},{"bookingid":4064},{"bookingid":3928},{"bookingid":4033},{"bookingid":4493},{"bookingid":4100},{"bookingid":3668},{"bookingid":695},{"bookingid":694},{"bookingid":2212},{"bookingid":2805},{"bookingid":2700},{"bookingid":5247},{"bookingid":4185},{"bookingid":1499},{"bookingid":128},{"bookingid":444},{"bookingid":1225},{"bookingid":2618},{"bookingid":2574},{"bookingid":3154},{"bookingid":4802},{"bookingid":86},{"bookingid":4995},{"bookingid":4294},{"bookingid":3230},{"bookingid":1391},{"bookingid":1450},{"bookingid":4069},{"bookingid":1593},{"bookingid":1804},{"bookingid":4012},{"bookingid":3974},{"bookingid":4110},{"bookingid":3805},{"bookingid":1531},{"bookingid":4020},{"bookingid":3560},{"bookingid":892},{"bookingid":4619},{"bookingid":767},{"bookingid":4455},{"bookingid":2013},{"bookingid":1203},{"bookingid":4968},{"bookingid":713},{"bookingid":3674},{"bookingid":3510},{"bookingid":2280},{"bookingid":2202},{"bookingid":366},{"bookingid":3137},{"bookingid":3299},{"bookingid":1083},{"bookingid":4016},{"bookingid":5142},{"bookingid":3945},{"bookingid":2623},{"bookingid":1039},{"bookingid":3416},{"bookingid":2318},{"bookingid":3151},{"bookingid":1099},{"bookingid":318},{"bookingid":385},{"bookingid":1110},{"bookingid":865},{"bookingid":2066},{"bookingid":3733},{"bookingid":1259},{"bookingid":453},{"bookingid":1404},{"bookingid":3483},{"bookingid":20},{"bookingid":807},{"bookingid":948},{"bookingid":1187},{"bookingid":2518},{"bookingid":5086},{"bookingid":2764},{"bookingid":799},{"bookingid":5013},{"bookingid":4804},{"bookingid":1242},{"bookingid":2327},{"bookingid":3676},{"bookingid":2842},{"bookingid":4246},{"bookingid":1758},{"bookingid":4469},{"bookingid":2514},{"bookingid":2767},{"bookingid":166},{"bookingid":4979},{"bookingid":2990},{"bookingid":4621},{"bookingid":1743},{"bookingid":3466},{"bookingid":1747},{"bookingid":911},{"bookingid":4718},{"bookingid":1196},{"bookingid":4818},{"bookingid":1769},{"bookingid":2833},{"bookingid":452},{"bookingid":2572},{"bookingid":1590},{"bookingid":1230},{"bookingid":546},{"bookingid":706},{"bookingid":3591},{"bookingid":1772},{"bookingid":211},{"bookingid":4828},{"bookingid":214},{"bookingid":4225},{"bookingid":3981},{"bookingid":4562},{"bookingid":3681},{"bookingid":4481},{"bookingid":1152},{"bookingid":2661},{"bookingid":1267},{"bookingid":2325},{"bookingid":4572},{"bookingid":4763},{"bookingid":3426},{"bookingid":1651},{"bookingid":3371},{"bookingid":5169},{"bookingid":4813},{"bookingid":3497},{"bookingid":3695},{"bookingid":995},{"bookingid":5185},{"bookingid":635},{"bookingid":4850},{"bookingid":3020},{"bookingid":5180},{"bookingid":3706},{"bookingid":4956},{"bookingid":3927},{"bookingid":3212},{"bookingid":887},{"bookingid":4557},{"bookingid":2018},{"bookingid":2286},{"bookingid":1766},{"bookingid":2397},{"bookingid":1020},{"bookingid":720},{"bookingid":1044},{"bookingid":2602},{"bookingid":3328},{"bookingid":2703},{"bookingid":2884},{"bookingid":1542},{"bookingid":4963},{"bookingid":1210},{"bookingid":2144},{"bookingid":4732},{"bookingid":4922},{"bookingid":1463},{"bookingid":1997},{"bookingid":4396},{"bookingid":4525},{"bookingid":640},{"bookingid":3515},{"bookingid":4585},{"bookingid":4476},{"bookingid":2461},{"bookingid":39},{"bookingid":4580},{"bookingid":906},{"bookingid":2053},{"bookingid":2123},{"bookingid":2234},{"bookingid":2663},{"bookingid":250},{"bookingid":1070},{"bookingid":251},{"bookingid":422},{"bookingid":4361},{"bookingid":4912},{"bookingid":843},{"bookingid":4900},{"bookingid":2948},{"bookingid":4115},{"bookingid":2121},{"bookingid":1577},{"bookingid":4426},{"bookingid":3756},{"bookingid":2506},{"bookingid":1353},{"bookingid":464},{"bookingid":4371},{"bookingid":1191},{"bookingid":1797},{"bookingid":4175},{"bookingid":55},{"bookingid":2107},{"bookingid":2154},{"bookingid":334},{"bookingid":3564},{"bookingid":4261},{"bookingid":3610},{"bookingid":1451},{"bookingid":1939},{"bookingid":2647},{"bookingid":885},{"bookingid":1338},{"bookingid":1038},{"bookingid":107},{"bookingid":2641},{"bookingid":4714},{"bookingid":179},{"bookingid":4569},{"bookingid":2939},{"bookingid":3340},{"bookingid":3715},{"bookingid":5063},{"bookingid":4810},{"bookingid":1027},{"bookingid":2415},{"bookingid":4517},{"bookingid":515},{"bookingid":2806},{"bookingid":3801},{"bookingid":25},{"bookingid":4219},{"bookingid":3276},{"bookingid":3581},{"bookingid":2979},{"bookingid":1440},{"bookingid":877},{"bookingid":1794},{"bookingid":424},{"bookingid":2962},{"bookingid":2749},{"bookingid":4548},{"bookingid":4785},{"bookingid":2814},{"bookingid":4761},{"bookingid":5055},{"bookingid":2292},{"bookingid":3853},{"bookingid":4808},{"bookingid":4305},{"bookingid":4467},{"bookingid":3904},{"bookingid":4048},{"bookingid":5062},{"bookingid":2208},{"bookingid":4404},{"bookingid":2483},{"bookingid":889},{"bookingid":1},{"bookingid":3412},{"bookingid":2634},{"bookingid":679},{"bookingid":261},{"bookingid":4880},{"bookingid":3123},{"bookingid":2466},{"bookingid":827},{"bookingid":2260},{"bookingid":2394},{"bookingid":1786},{"bookingid":553},{"bookingid":3157},{"bookingid":2109},{"bookingid":3002},{"bookingid":2861},{"bookingid":309},{"bookingid":69},{"bookingid":3183},{"bookingid":3540},{"bookingid":1519},{"bookingid":654},{"bookingid":2403},{"bookingid":46},{"bookingid":2333},{"bookingid":925},{"bookingid":4566},{"bookingid":3098},{"bookingid":4391},{"bookingid":3054},{"bookingid":4368},{"bookingid":2407},{"bookingid":3722},{"bookingid":1877},{"bookingid":3364},{"bookingid":1231},{"bookingid":2476},{"bookingid":1648},{"bookingid":1511},{"bookingid":2295},{"bookingid":1585},{"bookingid":4601},{"bookingid":1389},{"bookingid":4667},{"bookingid":2905},{"bookingid":4511},{"bookingid":727},{"bookingid":2072},{"bookingid":676},{"bookingid":5224},{"bookingid":5195},{"bookingid":5035},{"bookingid":1846},{"bookingid":2276},{"bookingid":3043},{"bookingid":3100},{"bookingid":395},{"bookingid":2849},{"bookingid":3425},{"bookingid":196},{"bookingid":1992},{"bookingid":4214},{"bookingid":1549},{"bookingid":1377},{"bookingid":1705},{"bookingid":1823},{"bookingid":1825},{"bookingid":3118},{"bookingid":1041},{"bookingid":3961},{"bookingid":3918},{"bookingid":1224},{"bookingid":5182},{"bookingid":957},{"bookingid":2291},{"bookingid":3647},{"bookingid":2469},{"bookingid":1571},{"bookingid":2248},{"bookingid":2708},{"bookingid":4551},{"bookingid":986},{"bookingid":1169},{"bookingid":1032},{"bookingid":1873},{"bookingid":900},{"bookingid":2136},{"bookingid":4212},{"bookingid":1679},{"bookingid":1362},{"bookingid":361},{"bookingid":288},{"bookingid":2676},{"bookingid":2359},{"bookingid":4174},{"bookingid":1484},{"bookingid":1252},{"bookingid":4624},{"bookingid":3794},{"bookingid":3462},{"bookingid":3372},{"bookingid":2577},{"bookingid":191},{"bookingid":2781},{"bookingid":248},{"bookingid":3141},{"bookingid":794},{"bookingid":4329},{"bookingid":1853},{"bookingid":105},{"bookingid":4936},{"bookingid":168},{"bookingid":2409},{"bookingid":2344},{"bookingid":793},{"bookingid":853},{"bookingid":278},{"bookingid":4322},{"bookingid":1493},{"bookingid":113},{"bookingid":783},{"bookingid":326},{"bookingid":1541},{"bookingid":2377},{"bookingid":4274},{"bookingid":575},{"bookingid":2718},{"bookingid":619},{"bookingid":1654},{"bookingid":566},{"bookingid":1539},{"bookingid":924},{"bookingid":3281},{"bookingid":4049},{"bookingid":3771},{"bookingid":3000},{"bookingid":5135},{"bookingid":2517},{"bookingid":2113},{"bookingid":1337},{"bookingid":3348},{"bookingid":1803},{"bookingid":3241},{"bookingid":3500},{"bookingid":4315},{"bookingid":3003},{"bookingid":5154},{"bookingid":3202},{"bookingid":1237},{"bookingid":3068},{"bookingid":4875},{"bookingid":3879},{"bookingid":3731},{"bookingid":870},{"bookingid":3115},{"bookingid":1125},{"bookingid":3221},{"bookingid":432},{"bookingid":571},{"bookingid":4514},{"bookingid":4350},{"bookingid":391},{"bookingid":3104},{"bookingid":2240},{"bookingid":610},{"bookingid":4390},{"bookingid":1244},{"bookingid":290},{"bookingid":733},{"bookingid":2039},{"bookingid":979},{"bookingid":2140},{"bookingid":1635},{"bookingid":5186},{"bookingid":1987},{"bookingid":1829},{"bookingid":2734},{"bookingid":669},{"bookingid":4144},{"bookingid":1489},{"bookingid":8},{"bookingid":91},{"bookingid":2252},{"bookingid":3324},{"bookingid":2607},{"bookingid":2530},{"bookingid":4298},{"bookingid":95},{"bookingid":1468},{"bookingid":4546},{"bookingid":2633},{"bookingid":3253},{"bookingid":1273},{"bookingid":1594},{"bookingid":775},{"bookingid":5046},{"bookingid":2350},{"bookingid":1972},{"bookingid":149},{"bookingid":4468},{"bookingid":4307},{"bookingid":3251},{"bookingid":4273},{"bookingid":4873},{"bookingid":2959},{"bookingid":3689},{"bookingid":2266},{"bookingid":3266},{"bookingid":2812},{"bookingid":4940},{"bookingid":2933},{"bookingid":2682},{"bookingid":3029},{"bookingid":4321},{"bookingid":1436},{"bookingid":1820},{"bookingid":2009},{"bookingid":1851},{"bookingid":893},{"bookingid":1200},{"bookingid":1426},{"bookingid":910},{"bookingid":4267},{"bookingid":3523},{"bookingid":4977},{"bookingid":4248},{"bookingid":2213},{"bookingid":1554},{"bookingid":4099},{"bookingid":4195},{"bookingid":4402},{"bookingid":3561},{"bookingid":2976},{"bookingid":4998},{"bookingid":1229},{"bookingid":1226},{"bookingid":3851},{"bookingid":988},{"bookingid":2823},{"bookingid":4871},{"bookingid":1795},{"bookingid":2453},{"bookingid":2422},{"bookingid":1871},{"bookingid":3890},{"bookingid":3954},{"bookingid":3498},{"bookingid":5211},{"bookingid":1751},{"bookingid":1016},{"bookingid":4226},{"bookingid":4689},{"bookingid":3957},{"bookingid":2055},{"bookingid":3217},{"bookingid":3170},{"bookingid":22},{"bookingid":1126},{"bookingid":141},{"bookingid":4173},{"bookingid":3035},{"bookingid":506},{"bookingid":3492},{"bookingid":2803},{"bookingid":2170},{"bookingid":2974},{"bookingid":3248},{"bookingid":57},{"bookingid":1922},{"bookingid":1962},{"bookingid":4101},{"bookingid":4047},{"bookingid":233},{"bookingid":4380},{"bookingid":3750},{"bookingid":3876},{"bookingid":851},{"bookingid":220},{"bookingid":4281},{"bookingid":3569},{"bookingid":4581},{"bookingid":255},{"bookingid":2655},{"bookingid":3409},{"bookingid":449},{"bookingid":1455},{"bookingid":4811},{"bookingid":2413},{"bookingid":4333},{"bookingid":3990},{"bookingid":1100},{"bookingid":480},{"bookingid":1243},{"bookingid":2755},{"bookingid":731},{"bookingid":3773},{"bookingid":1573},{"bookingid":1917},{"bookingid":1428},{"bookingid":2135},{"bookingid":1314},{"bookingid":420},{"bookingid":1706},{"bookingid":1272},{"bookingid":2961},{"bookingid":1957},{"bookingid":2004},{"bookingid":857},{"bookingid":1570},{"bookingid":3921},{"bookingid":4964},{"bookingid":2019},{"bookingid":5096},{"bookingid":4903},{"bookingid":226},{"bookingid":2130},{"bookingid":1880},{"bookingid":3184},{"bookingid":1953},{"bookingid":2289},{"bookingid":4092},{"bookingid":1495},{"bookingid":367},{"bookingid":2871},{"bookingid":1569},{"bookingid":2964},{"bookingid":4779},{"bookingid":64},{"bookingid":551},{"bookingid":3590},{"bookingid":751},{"bookingid":2254},{"bookingid":3174},{"bookingid":1579},{"bookingid":2872},{"bookingid":3666},{"bookingid":4382},{"bookingid":3839},{"bookingid":1791},{"bookingid":499},{"bookingid":3359},{"bookingid":3885},{"bookingid":721},{"bookingid":4114},{"bookingid":1421},{"bookingid":5048},{"bookingid":2679},{"bookingid":4068},{"bookingid":509},{"bookingid":379},{"bookingid":4319},{"bookingid":1931},{"bookingid":4441},{"bookingid":4065},{"bookingid":3460},{"bookingid":1682},{"bookingid":3036},{"bookingid":4893},{"bookingid":1411},{"bookingid":4518},{"bookingid":3576},{"bookingid":1380},{"bookingid":2149},{"bookingid":3262},{"bookingid":412},{"bookingid":229},{"bookingid":5221},{"bookingid":3931},{"bookingid":5103},{"bookingid":772},{"bookingid":3772},{"bookingid":4276},{"bookingid":3539},{"bookingid":4608},{"bookingid":3190},{"bookingid":1133},{"bookingid":3897},{"bookingid":2382},{"bookingid":1403},{"bookingid":3502},{"bookingid":103},{"bookingid":2737},{"bookingid":1321},{"bookingid":3194},{"bookingid":4642},{"bookingid":4665},{"bookingid":486},{"bookingid":2545},{"bookingid":3126},{"bookingid":402},{"bookingid":5016},{"bookingid":5094},{"bookingid":3347},{"bookingid":4406},{"bookingid":4635},{"bookingid":589},{"bookingid":973},{"bookingid":848},{"bookingid":4825},{"bookingid":2287},{"bookingid":745},{"bookingid":3342},{"bookingid":5022},{"bookingid":285},{"bookingid":2892},{"bookingid":1589},{"bookingid":3940},{"bookingid":2330},{"bookingid":3419},{"bookingid":4026},{"bookingid":3993},{"bookingid":3023},{"bookingid":4127},{"bookingid":314},{"bookingid":845},{"bookingid":3881},{"bookingid":4837},{"bookingid":3599},{"bookingid":1040},{"bookingid":4774},{"bookingid":1516},{"bookingid":431},{"bookingid":4854},{"bookingid":4953},{"bookingid":3382},{"bookingid":48},{"bookingid":5137},{"bookingid":998},{"bookingid":4245},{"bookingid":1863},{"bookingid":2815},{"bookingid":4087},{"bookingid":2788},{"bookingid":2100},{"bookingid":753},{"bookingid":652},{"bookingid":2226},{"bookingid":691},{"bookingid":4727},{"bookingid":58},{"bookingid":3453},{"bookingid":1199},{"bookingid":3219},{"bookingid":5215},{"bookingid":3495},{"bookingid":4167},{"bookingid":4895},{"bookingid":4694},{"bookingid":1720},{"bookingid":111},{"bookingid":1760},{"bookingid":3547},{"bookingid":2299},{"bookingid":5047},{"bookingid":2745},{"bookingid":755},{"bookingid":51},{"bookingid":343},{"bookingid":3796},{"bookingid":3843},{"bookingid":1223},{"bookingid":1675},{"bookingid":2667},{"bookingid":1098},{"bookingid":5139},{"bookingid":1514},{"bookingid":19},{"bookingid":2468},{"bookingid":2968},{"bookingid":2534},{"bookingid":4283},{"bookingid":3319},{"bookingid":4146},{"bookingid":417},{"bookingid":3925},{"bookingid":1991},{"bookingid":1130},{"bookingid":1148},{"bookingid":1614},{"bookingid":4133},{"bookingid":1602},{"bookingid":3764},{"bookingid":4449},{"bookingid":1661},{"bookingid":4156},{"bookingid":1612},{"bookingid":3998},{"bookingid":123},{"bookingid":1037},{"bookingid":3464},{"bookingid":5203},{"bookingid":5151},{"bookingid":2230},{"bookingid":2727},{"bookingid":4501},{"bookingid":392},{"bookingid":1755},{"bookingid":1986},{"bookingid":2624},{"bookingid":3356},{"bookingid":1024},{"bookingid":533},{"bookingid":1641},{"bookingid":3354},{"bookingid":1527},{"bookingid":4080},{"bookingid":1433},{"bookingid":1698},{"bookingid":4675},{"bookingid":3484},{"bookingid":2094},{"bookingid":3446},{"bookingid":1292},{"bookingid":3352},{"bookingid":682},{"bookingid":938},{"bookingid":1388},{"bookingid":3482},{"bookingid":2852},{"bookingid":460},{"bookingid":23},{"bookingid":3208},{"bookingid":3626},{"bookingid":5067},{"bookingid":4491},{"bookingid":3008},{"bookingid":2609},{"bookingid":1096},{"bookingid":839},{"bookingid":907},{"bookingid":473},{"bookingid":1765},{"bookingid":2098},{"bookingid":72},{"bookingid":923},{"bookingid":319},{"bookingid":413},{"bookingid":177},{"bookingid":2903},{"bookingid":3076},{"bookingid":3097},{"bookingid":2010},{"bookingid":1726},{"bookingid":4120},{"bookingid":2742},{"bookingid":3018},{"bookingid":4142},{"bookingid":2421},{"bookingid":4002},{"bookingid":3236},{"bookingid":1914},{"bookingid":4439},{"bookingid":2946},{"bookingid":4304},{"bookingid":4899},{"bookingid":4324},{"bookingid":1124},{"bookingid":4116},{"bookingid":286},{"bookingid":962},{"bookingid":3404},{"bookingid":4153},{"bookingid":4024},{"bookingid":2400},{"bookingid":805},{"bookingid":4720},{"bookingid":3447},{"bookingid":1307},{"bookingid":1174},{"bookingid":4103},{"bookingid":3700},{"bookingid":1170},{"bookingid":101},{"bookingid":1717},{"bookingid":4000},{"bookingid":1902},{"bookingid":2886},{"bookingid":4477},{"bookingid":3478},{"bookingid":3592},{"bookingid":3138},{"bookingid":200},{"bookingid":3307},{"bookingid":4179},{"bookingid":1078},{"bookingid":2176},{"bookingid":697},{"bookingid":4978},{"bookingid":1946},{"bookingid":524},{"bookingid":4716},{"bookingid":867},{"bookingid":4563},{"bookingid":3489},{"bookingid":4262},{"bookingid":1280},{"bookingid":1556},{"bookingid":466},{"bookingid":655},{"bookingid":3435},{"bookingid":4364},{"bookingid":4982},{"bookingid":217},{"bookingid":3056},{"bookingid":1631},{"bookingid":284},{"bookingid":2785},{"bookingid":3952},{"bookingid":97},{"bookingid":2765},{"bookingid":2878},{"bookingid":2393},{"bookingid":4593},{"bookingid":500},{"bookingid":5066},{"bookingid":3074},{"bookingid":965},{"bookingid":3288},{"bookingid":1457},{"bookingid":384},{"bookingid":5008},{"bookingid":2986},{"bookingid":623},{"bookingid":3536},{"bookingid":2360},{"bookingid":4492},{"bookingid":2097},{"bookingid":2247},{"bookingid":1091},{"bookingid":3645},{"bookingid":5099},{"bookingid":4730},{"bookingid":992},{"bookingid":3570},{"bookingid":2792},{"bookingid":2743},{"bookingid":5200},{"bookingid":207},{"bookingid":1764},{"bookingid":3946},{"bookingid":3729},{"bookingid":2960},{"bookingid":3582},{"bookingid":4633},{"bookingid":4415},{"bookingid":1727},{"bookingid":1476},{"bookingid":2507},{"bookingid":4162},{"bookingid":2464},{"bookingid":3456},{"bookingid":1034},{"bookingid":430},{"bookingid":3719},{"bookingid":2913},{"bookingid":5141},{"bookingid":3813},{"bookingid":1136},{"bookingid":3765},{"bookingid":2458},{"bookingid":3301},{"bookingid":3797},{"bookingid":4758},{"bookingid":4379},{"bookingid":2604},{"bookingid":5177},{"bookingid":1093},{"bookingid":643},{"bookingid":3305},{"bookingid":3603},{"bookingid":5057},{"bookingid":3334},{"bookingid":3386},{"bookingid":947},{"bookingid":1900},{"bookingid":2890},{"bookingid":1419},{"bookingid":2576},{"bookingid":932},{"bookingid":884},{"bookingid":616},{"bookingid":2854},{"bookingid":3491},{"bookingid":3441},{"bookingid":4605},{"bookingid":4418},{"bookingid":1310},{"bookingid":1475},{"bookingid":3975},{"bookingid":703},{"bookingid":117},{"bookingid":1348},{"bookingid":4653},{"bookingid":3790},{"bookingid":2025},{"bookingid":5102},{"bookingid":1854},{"bookingid":3767},{"bookingid":4751},{"bookingid":1879},{"bookingid":2233},{"bookingid":859},{"bookingid":116},{"bookingid":3232},{"bookingid":3920},{"bookingid":4125},{"bookingid":3630},{"bookingid":3631},{"bookingid":2991},{"bookingid":2084},{"bookingid":3069},{"bookingid":1059},{"bookingid":3187},{"bookingid":3866},{"bookingid":868},{"bookingid":126},{"bookingid":3893},{"bookingid":3620},{"bookingid":836},{"bookingid":2024},{"bookingid":1232},{"bookingid":3585},{"bookingid":3469},{"bookingid":1924},{"bookingid":1328},{"bookingid":2192},{"bookingid":4933},{"bookingid":2338},{"bookingid":4147},{"bookingid":766},{"bookingid":129},{"bookingid":3891},{"bookingid":604},{"bookingid":673},{"bookingid":493},{"bookingid":4798},{"bookingid":185},{"bookingid":1313},{"bookingid":5073},{"bookingid":963},{"bookingid":791},{"bookingid":399},{"bookingid":2637},{"bookingid":4215},{"bookingid":276},{"bookingid":2105},{"bookingid":439},{"bookingid":3428},{"bookingid":3418},{"bookingid":2832},{"bookingid":4685},{"bookingid":160},{"bookingid":1483},{"bookingid":4257},{"bookingid":3259},{"bookingid":738},{"bookingid":5045},{"bookingid":5034},{"bookingid":2567},{"bookingid":3806},{"bookingid":3964},{"bookingid":1800},{"bookingid":1739},{"bookingid":3294},{"bookingid":3834},{"bookingid":1308},{"bookingid":2628},{"bookingid":1445},{"bookingid":4700},{"bookingid":3951},{"bookingid":40},{"bookingid":5025},{"bookingid":4682},{"bookingid":2052},{"bookingid":1715},{"bookingid":201},{"bookingid":1192},{"bookingid":714},{"bookingid":3311},{"bookingid":4743},{"bookingid":3634},{"bookingid":2897},{"bookingid":90},{"bookingid":3093},{"bookingid":5232},{"bookingid":3629},{"bookingid":2984},{"bookingid":737},{"bookingid":3312},{"bookingid":3420},{"bookingid":4236},{"bookingid":2402},{"bookingid":5234},{"bookingid":3859},{"bookingid":1355},{"bookingid":1955},{"bookingid":474},{"bookingid":4456},{"bookingid":5053},{"bookingid":1206},{"bookingid":1072},{"bookingid":249},{"bookingid":4420},{"bookingid":3112},{"bookingid":1151},{"bookingid":1934},{"bookingid":3353},{"bookingid":1215},{"bookingid":45},{"bookingid":2866},{"bookingid":3390},{"bookingid":4731},{"bookingid":1687},{"bookingid":4377},{"bookingid":2317},{"bookingid":3383},{"bookingid":3011},{"bookingid":2257},{"bookingid":3605},{"bookingid":1217},{"bookingid":2433},{"bookingid":1188},{"bookingid":1749},{"bookingid":388},{"bookingid":690},{"bookingid":2160},{"bookingid":4429},{"bookingid":3646},{"bookingid":5159},{"bookingid":3652},{"bookingid":3320},{"bookingid":4334},{"bookingid":4821},{"bookingid":2482},{"bookingid":2290},{"bookingid":1204},{"bookingid":1607},{"bookingid":4139},{"bookingid":1866},{"bookingid":3430},{"bookingid":1454},{"bookingid":4448},{"bookingid":3296},{"bookingid":1587},{"bookingid":360},{"bookingid":4109},{"bookingid":3341},{"bookingid":3816},{"bookingid":5193},{"bookingid":98},{"bookingid":4443},{"bookingid":2654},{"bookingid":709},{"bookingid":2595},{"bookingid":1515},{"bookingid":824},{"bookingid":4670},{"bookingid":3680},{"bookingid":3877},{"bookingid":2591},{"bookingid":743},{"bookingid":3295},{"bookingid":662},{"bookingid":2440},{"bookingid":981},{"bookingid":2825},{"bookingid":158},{"bookingid":2258},{"bookingid":3535},{"bookingid":4851},{"bookingid":3994},{"bookingid":933},{"bookingid":254},{"bookingid":3388},{"bookingid":427},{"bookingid":2918},{"bookingid":4892},{"bookingid":342},{"bookingid":4090},{"bookingid":4011},{"bookingid":9},{"bookingid":3030},{"bookingid":4366},{"bookingid":4894},{"bookingid":901},{"bookingid":5164},{"bookingid":1935},{"bookingid":188},{"bookingid":3840},{"bookingid":820},{"bookingid":1716},{"bookingid":554},{"bookingid":718},{"bookingid":1826},{"bookingid":3125},{"bookingid":1930},{"bookingid":2757},{"bookingid":1393},{"bookingid":958},{"bookingid":2367},{"bookingid":3134},{"bookingid":4122},{"bookingid":153},{"bookingid":5090},{"bookingid":4266},{"bookingid":2722},{"bookingid":2660},{"bookingid":4487},{"bookingid":4221},{"bookingid":3687},{"bookingid":4140},{"bookingid":4421},{"bookingid":4330},{"bookingid":637},{"bookingid":4663},{"bookingid":4831},{"bookingid":1566},{"bookingid":3091},{"bookingid":873},{"bookingid":4494},{"bookingid":3083},{"bookingid":4686},{"bookingid":4742},{"bookingid":1370},{"bookingid":3142},{"bookingid":1146},{"bookingid":34},{"bookingid":5070},{"bookingid":1894},{"bookingid":4339},{"bookingid":4072},{"bookingid":2387},{"bookingid":2099},{"bookingid":835},{"bookingid":2428},{"bookingid":457},{"bookingid":1964},{"bookingid":3257},{"bookingid":3660},{"bookingid":2673},{"bookingid":3672},{"bookingid":5041},{"bookingid":2840},{"bookingid":1351},{"bookingid":1331},{"bookingid":1878},{"bookingid":2909},{"bookingid":1915},{"bookingid":3609},{"bookingid":328},{"bookingid":4765},{"bookingid":1836},{"bookingid":1701},{"bookingid":956},{"bookingid":1086},{"bookingid":777},{"bookingid":770},{"bookingid":2491},{"bookingid":1981},{"bookingid":930},{"bookingid":4985},{"bookingid":4054},{"bookingid":242},{"bookingid":3924},{"bookingid":3110},{"bookingid":3611},{"bookingid":2430},{"bookingid":228},{"bookingid":4683},{"bookingid":2210},{"bookingid":4158},{"bookingid":758},{"bookingid":2141},{"bookingid":3900},{"bookingid":916},{"bookingid":257},{"bookingid":3742},{"bookingid":4599},{"bookingid":4428},{"bookingid":1561},{"bookingid":3053},{"bookingid":634},{"bookingid":4887},{"bookingid":1968},{"bookingid":1233},{"bookingid":4354},{"bookingid":4974},{"bookingid":974},{"bookingid":2846},{"bookingid":2424},{"bookingid":4760},{"bookingid":197},{"bookingid":1008},{"bookingid":3747},{"bookingid":3657},{"bookingid":1356},{"bookingid":1620},{"bookingid":3969},{"bookingid":2957},{"bookingid":3778},{"bookingid":517},{"bookingid":1012},{"bookingid":3833},{"bookingid":1164},{"bookingid":2827},{"bookingid":1294},{"bookingid":2652},{"bookingid":2493},{"bookingid":660},{"bookingid":3746},{"bookingid":4459},{"bookingid":567},{"bookingid":4975},{"bookingid":5244},{"bookingid":3448},{"bookingid":2776},{"bookingid":543},{"bookingid":1998},{"bookingid":2550},{"bookingid":1688},{"bookingid":4187},{"bookingid":320},{"bookingid":4626},{"bookingid":3175},{"bookingid":4462},{"bookingid":1640},{"bookingid":405},{"bookingid":349},{"bookingid":1108},{"bookingid":2733},{"bookingid":3315},{"bookingid":3623},{"bookingid":1949},{"bookingid":3064},{"bookingid":3827},{"bookingid":3188},{"bookingid":1835},{"bookingid":133},{"bookingid":826},{"bookingid":4697},{"bookingid":3705},{"bookingid":1639},{"bookingid":1277},{"bookingid":2556},{"bookingid":726},{"bookingid":1555},{"bookingid":5030},{"bookingid":4410},{"bookingid":2175},{"bookingid":403},{"bookingid":1494},{"bookingid":1264},{"bookingid":4132},{"bookingid":5064},{"bookingid":5143},{"bookingid":4840},{"bookingid":5116},{"bookingid":4234},{"bookingid":1938},{"bookingid":1358},{"bookingid":1175},{"bookingid":3751},{"bookingid":3976},{"bookingid":3465},{"bookingid":4218},{"bookingid":3820},{"bookingid":905},{"bookingid":2692},{"bookingid":620},{"bookingid":333},{"bookingid":595},{"bookingid":3644},{"bookingid":1533},{"bookingid":1286},{"bookingid":2538},{"bookingid":1548},{"bookingid":3850},{"bookingid":2899},{"bookingid":942},{"bookingid":4597},{"bookingid":3509},{"bookingid":1466},{"bookingid":3350},{"bookingid":3669},{"bookingid":2714},{"bookingid":443},{"bookingid":3061},{"bookingid":4857},{"bookingid":1824},{"bookingid":351},{"bookingid":3065},{"bookingid":4055},{"bookingid":210},{"bookingid":364},{"bookingid":3741},{"bookingid":5100},{"bookingid":5131},{"bookingid":1327},{"bookingid":4783},{"bookingid":732},{"bookingid":802},{"bookingid":4442},{"bookingid":2966},{"bookingid":5119},{"bookingid":501},{"bookingid":3888},{"bookingid":495},{"bookingid":4835},{"bookingid":2408},{"bookingid":2148},{"bookingid":2675},{"bookingid":2065},{"bookingid":370},{"bookingid":3608},{"bookingid":3779},{"bookingid":3},{"bookingid":1672},{"bookingid":3632},{"bookingid":3982},{"bookingid":4161},{"bookingid":4524},{"bookingid":674},{"bookingid":94},{"bookingid":5255},{"bookingid":2601},{"bookingid":5156},{"bookingid":1131},{"bookingid":2835},{"bookingid":106},{"bookingid":2041},{"bookingid":1928},{"bookingid":1707},{"bookingid":4060},{"bookingid":3131},{"bookingid":3972},{"bookingid":712},{"bookingid":3214},{"bookingid":2172},{"bookingid":4078},{"bookingid":1066},{"bookingid":788},{"bookingid":3470},{"bookingid":600},{"bookingid":4303},{"bookingid":2611},{"bookingid":2302},{"bookingid":1996},{"bookingid":1361},{"bookingid":5160},{"bookingid":2139},{"bookingid":82},{"bookingid":4213},{"bookingid":4071},{"bookingid":4916},{"bookingid":451},{"bookingid":3577},{"bookingid":3864},{"bookingid":2694},{"bookingid":1058},{"bookingid":3780},{"bookingid":1671},{"bookingid":4882},{"bookingid":2786},{"bookingid":3049},{"bookingid":1970},{"bookingid":1600},{"bookingid":1748},{"bookingid":3153},{"bookingid":47},{"bookingid":386},{"bookingid":2868},{"bookingid":4564},{"bookingid":2614},{"bookingid":2079},{"bookingid":967},{"bookingid":1253},{"bookingid":52},{"bookingid":5110},{"bookingid":4008},{"bookingid":3227},{"bookingid":4679},{"bookingid":642},{"bookingid":1809},{"bookingid":4993},{"bookingid":194},{"bookingid":1629},{"bookingid":4157},{"bookingid":1172},{"bookingid":2829},{"bookingid":2839},{"bookingid":636},{"bookingid":235},{"bookingid":2371},{"bookingid":119},{"bookingid":3045},{"bookingid":3210},{"bookingid":3037},{"bookingid":2564},{"bookingid":2797},{"bookingid":3392},{"bookingid":2760},{"bookingid":2452},{"bookingid":4056},{"bookingid":4942},{"bookingid":2445},{"bookingid":4014},{"bookingid":3225},{"bookingid":993},{"bookingid":3625},{"bookingid":2074},{"bookingid":680},{"bookingid":2532},{"bookingid":3365},{"bookingid":1817},{"bookingid":1219},{"bookingid":3867},{"bookingid":17},{"bookingid":89},{"bookingid":146},{"bookingid":1532},{"bookingid":4584},{"bookingid":3984},{"bookingid":3967},{"bookingid":2129},{"bookingid":1936},{"bookingid":3290},{"bookingid":725},{"bookingid":4039},{"bookingid":541},{"bookingid":2586},{"bookingid":966},{"bookingid":2944},{"bookingid":30},{"bookingid":1236},{"bookingid":4986},{"bookingid":882},{"bookingid":520},{"bookingid":4777},{"bookingid":2005},{"bookingid":1366},{"bookingid":5079},{"bookingid":5240},{"bookingid":3639},{"bookingid":658},{"bookingid":2561},{"bookingid":3958},{"bookingid":711},{"bookingid":4789},{"bookingid":4264},{"bookingid":4340},{"bookingid":590},{"bookingid":3216},{"bookingid":5242},{"bookingid":1459},{"bookingid":131},{"bookingid":2721},{"bookingid":1905},{"bookingid":2063},{"bookingid":1053},{"bookingid":1106},{"bookingid":752},{"bookingid":125},{"bookingid":3527},{"bookingid":2301},{"bookingid":3346},{"bookingid":3078},{"bookingid":926},{"bookingid":491},{"bookingid":36},{"bookingid":4929},{"bookingid":5172},{"bookingid":4197},{"bookingid":3587},{"bookingid":2275},{"bookingid":530},{"bookingid":1849},{"bookingid":1977},{"bookingid":2681},{"bookingid":3367},{"bookingid":3955},{"bookingid":2183},{"bookingid":1147},{"bookingid":345},{"bookingid":1999},{"bookingid":1304},{"bookingid":4461},{"bookingid":1340},{"bookingid":1379},{"bookingid":2658},{"bookingid":434},{"bookingid":134},{"bookingid":4846},{"bookingid":140},{"bookingid":2195},{"bookingid":2304},{"bookingid":629},{"bookingid":3589},{"bookingid":3829},{"bookingid":2110},{"bookingid":1757},{"bookingid":4790},{"bookingid":2447},{"bookingid":4766},{"bookingid":4416},{"bookingid":4784},{"bookingid":2184},{"bookingid":110},{"bookingid":2795},{"bookingid":685},{"bookingid":2218},{"bookingid":4300},{"bookingid":4890},{"bookingid":814},{"bookingid":4032},{"bookingid":5204},{"bookingid":4579},{"bookingid":4036},{"bookingid":4589},{"bookingid":585},{"bookingid":2470},{"bookingid":4388},{"bookingid":2497},{"bookingid":954},{"bookingid":4639},{"bookingid":2011},{"bookingid":1023},{"bookingid":2747},{"bookingid":4632},{"bookingid":797},{"bookingid":2987},{"bookingid":3139},{"bookingid":4896},{"bookingid":2427},{"bookingid":982},{"bookingid":2217},{"bookingid":3905},{"bookingid":3837},{"bookingid":2768},{"bookingid":1062},{"bookingid":4253},{"bookingid":4772},{"bookingid":1860},{"bookingid":2575},{"bookingid":3396},{"bookingid":3168},{"bookingid":3541},{"bookingid":4989},{"bookingid":21},{"bookingid":2617},{"bookingid":35},{"bookingid":4378},{"bookingid":2043},{"bookingid":1405},{"bookingid":1262},{"bookingid":266},{"bookingid":1364},{"bookingid":4295},{"bookingid":4265},{"bookingid":4748},{"bookingid":5249},{"bookingid":3021},{"bookingid":2343},{"bookingid":1158},{"bookingid":1401},{"bookingid":1560},{"bookingid":3653},{"bookingid":3370},{"bookingid":1139},{"bookingid":4980},{"bookingid":3814},{"bookingid":2031},{"bookingid":1837},{"bookingid":2500},{"bookingid":2674},{"bookingid":2585},{"bookingid":2067},{"bookingid":1513},{"bookingid":4089},{"bookingid":4434},{"bookingid":3991},{"bookingid":1646},{"bookingid":1711},{"bookingid":2152},{"bookingid":152},{"bookingid":4148},{"bookingid":332},{"bookingid":4143},{"bookingid":4074},{"bookingid":4472},{"bookingid":4028},{"bookingid":2436},{"bookingid":6},{"bookingid":959},{"bookingid":898},{"bookingid":371},{"bookingid":2941},{"bookingid":5165},{"bookingid":4908},{"bookingid":3642},{"bookingid":4188},{"bookingid":3753},{"bookingid":1193},{"bookingid":2442},{"bookingid":3710},{"bookingid":1524},{"bookingid":3111},{"bookingid":983},{"bookingid":1884},{"bookingid":4864},{"bookingid":1467},{"bookingid":1645},{"bookingid":4631},{"bookingid":1474},{"bookingid":3458},{"bookingid":4726},{"bookingid":4934},{"bookingid":4186},{"bookingid":1812},{"bookingid":1883},{"bookingid":4909},{"bookingid":2951},{"bookingid":1064},{"bookingid":3615},{"bookingid":1618},{"bookingid":1911},{"bookingid":3661},{"bookingid":3915},{"bookingid":1409},{"bookingid":5032},{"bookingid":3530},{"bookingid":2392},{"bookingid":525},{"bookingid":941},{"bookingid":2324},{"bookingid":1830},{"bookingid":1735},{"bookingid":3434},{"bookingid":3443},{"bookingid":4914},{"bookingid":667},{"bookingid":2463},{"bookingid":2205},{"bookingid":4447},{"bookingid":4598},{"bookingid":4891},{"bookingid":1425},{"bookingid":4063},{"bookingid":88},{"bookingid":4102},{"bookingid":3473},{"bookingid":1189},{"bookingid":3025},{"bookingid":2229},{"bookingid":3055},{"bookingid":2784},{"bookingid":4710},{"bookingid":2370},{"bookingid":3287},{"bookingid":2345},{"bookingid":664},{"bookingid":2945},{"bookingid":3808},{"bookingid":1841},{"bookingid":3597},{"bookingid":4906},{"bookingid":3161},{"bookingid":1858},{"bookingid":302},{"bookingid":4073},{"bookingid":5228},{"bookingid":5208},{"bookingid":1662},{"bookingid":3571},{"bookingid":171},{"bookingid":4220},{"bookingid":280},{"bookingid":4529},{"bookingid":2321},{"bookingid":4659},{"bookingid":4915},{"bookingid":1111},{"bookingid":5080},{"bookingid":205},{"bookingid":362},{"bookingid":4535},{"bookingid":507},{"bookingid":4955},{"bookingid":4180},{"bookingid":2051},{"bookingid":1659},{"bookingid":514},{"bookingid":3436},{"bookingid":1473},{"bookingid":834},{"bookingid":3565},{"bookingid":4041},{"bookingid":879},{"bookingid":2653},{"bookingid":3015},{"bookingid":4349},{"bookingid":3258},{"bookingid":3474},{"bookingid":878},{"bookingid":2339},{"bookingid":2995},{"bookingid":744},{"bookingid":1526},{"bookingid":3452},{"bookingid":1782},{"bookingid":2035},{"bookingid":2102},{"bookingid":607},{"bookingid":5170},{"bookingid":4392},{"bookingid":4465},{"bookingid":3421},{"bookingid":1365},{"bookingid":2311},{"bookingid":3155},{"bookingid":1029},{"bookingid":599},{"bookingid":1171},{"bookingid":2855},{"bookingid":2096},{"bookingid":3714},{"bookingid":5130},{"bookingid":3844},{"bookingid":3871},{"bookingid":180},{"bookingid":5078},{"bookingid":4853},{"bookingid":4206},{"bookingid":2975},{"bookingid":306},{"bookingid":2929},{"bookingid":3289},{"bookingid":4411},{"bookingid":2232},{"bookingid":10},{"bookingid":2505},{"bookingid":4399},{"bookingid":3870},{"bookingid":122},{"bookingid":2952},{"bookingid":1893},{"bookingid":267},{"bookingid":2877},{"bookingid":3415},{"bookingid":1808},{"bookingid":2398},{"bookingid":3275},{"bookingid":2802},{"bookingid":3472},{"bookingid":1617},{"bookingid":1295},{"bookingid":2935},{"bookingid":3588},{"bookingid":1442},{"bookingid":4988},{"bookingid":3229},{"bookingid":468},{"bookingid":2563},{"bookingid":3449},{"bookingid":1952},{"bookingid":4006},{"bookingid":4812},{"bookingid":1216},{"bookingid":1092},{"bookingid":2752},{"bookingid":3092},{"bookingid":2881},{"bookingid":352},{"bookingid":4532},{"bookingid":856},{"bookingid":3744},{"bookingid":4973},{"bookingid":3783},{"bookingid":523},{"bookingid":4318},{"bookingid":182},{"bookingid":559},{"bookingid":1979},{"bookingid":1276},{"bookingid":4306},{"bookingid":2928},{"bookingid":688},{"bookingid":646},{"bookingid":1680},{"bookingid":1138},{"bookingid":3129},{"bookingid":1122},{"bookingid":3901},{"bookingid":2322},{"bookingid":4962},{"bookingid":3321},{"bookingid":3887},{"bookingid":2912},{"bookingid":4643},{"bookingid":627},{"bookingid":3713},{"bookingid":2361},{"bookingid":1576},{"bookingid":2198},{"bookingid":1983},{"bookingid":2166},{"bookingid":1899},{"bookingid":3517},{"bookingid":3988},{"bookingid":1588},{"bookingid":3675},{"bookingid":2639},{"bookingid":1926},{"bookingid":3598},{"bookingid":4289},{"bookingid":759},{"bookingid":1290},{"bookingid":4498},{"bookingid":1443},{"bookingid":3326},{"bookingid":653},{"bookingid":3267},{"bookingid":5012},{"bookingid":5241},{"bookingid":1357},{"bookingid":1967},{"bookingid":2221},{"bookingid":2746},{"bookingid":3709},{"bookingid":208},{"bookingid":3566},{"bookingid":4196},{"bookingid":4669},{"bookingid":154},{"bookingid":2965},{"bookingid":3177},{"bookingid":4123},{"bookingid":1603},{"bookingid":4297},{"bookingid":3534},{"bookingid":1469},{"bookingid":145},{"bookingid":32},{"bookingid":2851},{"bookingid":562},{"bookingid":2223},{"bookingid":59},{"bookingid":2787},{"bookingid":296},{"bookingid":1145},{"bookingid":2756},{"bookingid":2523},{"bookingid":3173},{"bookingid":5178},{"bookingid":414},{"bookingid":1326},{"bookingid":3461},{"bookingid":1632},{"bookingid":1487},{"bookingid":4526},{"bookingid":1002},{"bookingid":4928},{"bookingid":4135},{"bookingid":2542},{"bookingid":806},{"bookingid":1976},{"bookingid":2811},{"bookingid":3793},{"bookingid":279},{"bookingid":2386},{"bookingid":1813},{"bookingid":2450},{"bookingid":54},{"bookingid":3529},{"bookingid":1339},{"bookingid":1626},{"bookingid":4559},{"bookingid":3403},{"bookingid":912},{"bookingid":3189},{"bookingid":1009},{"bookingid":5125},{"bookingid":2723},{"bookingid":181},{"bookingid":4879},{"bookingid":5209},{"bookingid":4949},{"bookingid":4958},{"bookingid":5220},{"bookingid":3038},{"bookingid":485},{"bookingid":4356},{"bookingid":2057},{"bookingid":2613},{"bookingid":172},{"bookingid":2571},{"bookingid":1301},{"bookingid":4373},{"bookingid":3786},{"bookingid":798},{"bookingid":3854},{"bookingid":3182},{"bookingid":2282},{"bookingid":4829},{"bookingid":2457},{"bookingid":749},{"bookingid":4255},{"bookingid":2487},{"bookingid":76},{"bookingid":1545},{"bookingid":4251},{"bookingid":3683},{"bookingid":3493},{"bookingid":5069},{"bookingid":730},{"bookingid":2926},{"bookingid":5031},{"bookingid":4506},{"bookingid":4252},{"bookingid":1534},{"bookingid":2650},{"bookingid":1993},{"bookingid":4556},{"bookingid":2364},{"bookingid":2242},{"bookingid":213},{"bookingid":2145},{"bookingid":3621},{"bookingid":1699},{"bookingid":4541},{"bookingid":2726},{"bookingid":3910},{"bookingid":4286},{"bookingid":3477},{"bookingid":3442},{"bookingid":4488},{"bookingid":2736},{"bookingid":1333},{"bookingid":204},{"bookingid":754},{"bookingid":71},{"bookingid":2996},{"bookingid":4588},{"bookingid":2388},{"bookingid":4107},{"bookingid":1299},{"bookingid":426},{"bookingid":2817},{"bookingid":1564},{"bookingid":3373},{"bookingid":2169},{"bookingid":461},{"bookingid":4847},{"bookingid":4299},{"bookingid":3242},{"bookingid":1522},{"bookingid":5091},{"bookingid":2064},{"bookingid":301},{"bookingid":2151},{"bookingid":534},{"bookingid":4222},{"bookingid":4040},{"bookingid":3934},{"bookingid":1818},{"bookingid":219},{"bookingid":1595},{"bookingid":4062},{"bookingid":3410},{"bookingid":274},{"bookingid":724},{"bookingid":2022},{"bookingid":1051},{"bookingid":75},{"bookingid":4292},{"bookingid":598},{"bookingid":5115},{"bookingid":2513},{"bookingid":4},{"bookingid":4233},{"bookingid":337},{"bookingid":4816},{"bookingid":4620},{"bookingid":1085},{"bookingid":3156},{"bookingid":1248},{"bookingid":1249},{"bookingid":1696},{"bookingid":684},{"bookingid":2277},{"bookingid":3437},{"bookingid":1420},{"bookingid":1865},{"bookingid":2739},{"bookingid":1753},{"bookingid":136},{"bookingid":1320},{"bookingid":4128},{"bookingid":4473},{"bookingid":38},{"bookingid":1713},{"bookingid":2124},{"bookingid":4645},{"bookingid":4723},{"bookingid":4131},{"bookingid":3313},{"bookingid":1103},{"bookingid":1104},{"bookingid":971},{"bookingid":2629},{"bookingid":1202},{"bookingid":70},{"bookingid":5254},{"bookingid":2147},{"bookingid":262},{"bookingid":4615},{"bookingid":1263},{"bookingid":3427},{"bookingid":1582},{"bookingid":1154},{"bookingid":3007},{"bookingid":234},{"bookingid":746},{"bookingid":376},{"bookingid":2114},{"bookingid":5026},{"bookingid":649},{"bookingid":3774},{"bookingid":492},{"bookingid":5027},{"bookingid":3978},{"bookingid":4137},{"bookingid":1095},{"bookingid":1418},{"bookingid":2874},{"bookingid":3777},{"bookingid":1985},{"bookingid":771},{"bookingid":4698},{"bookingid":5018},{"bookingid":2680},{"bookingid":1140},{"bookingid":1785},{"bookingid":2078},{"bookingid":1118},{"bookingid":3757},{"bookingid":2848},{"bookingid":2225},{"bookingid":4093},{"bookingid":3209},{"bookingid":1596},{"bookingid":3106},{"bookingid":5007},{"bookingid":237},{"bookingid":2719},{"bookingid":5196},{"bookingid":3911},{"bookingid":1315},{"bookingid":2017},{"bookingid":2843},{"bookingid":1439},{"bookingid":2549},{"bookingid":4083},{"bookingid":243},{"bookingid":2429},{"bookingid":1506},{"bookingid":4638},{"bookingid":4935},{"bookingid":4258},{"bookingid":4202},{"bookingid":3919},{"bookingid":4913},{"bookingid":66},{"bookingid":3965},{"bookingid":3176},{"bookingid":4154},{"bookingid":782},{"bookingid":612},{"bookingid":408},{"bookingid":4706},{"bookingid":1833},{"bookingid":3246},{"bookingid":92},{"bookingid":4747},{"bookingid":1895},{"bookingid":4504},{"bookingid":3085},{"bookingid":5081},{"bookingid":341},{"bookingid":5112},{"bookingid":135},{"bookingid":1960},{"bookingid":872},{"bookingid":5085},{"bookingid":3507},{"bookingid":4709},{"bookingid":5202},{"bookingid":4578},{"bookingid":2496},{"bookingid":3124},{"bookingid":2837},{"bookingid":1644},{"bookingid":1910},{"bookingid":4860},{"bookingid":2725},{"bookingid":647},{"bookingid":1775},{"bookingid":4793},{"bookingid":625},{"bookingid":4409},{"bookingid":1341},{"bookingid":2911},{"bookingid":2524},{"bookingid":162},{"bookingid":375},{"bookingid":880},{"bookingid":4604},{"bookingid":4190},{"bookingid":990},{"bookingid":4256},{"bookingid":83},{"bookingid":1488},{"bookingid":239},{"bookingid":325},{"bookingid":4733},{"bookingid":1220},{"bookingid":4499},{"bookingid":2},{"bookingid":3047},{"bookingid":1674},{"bookingid":1270},{"bookingid":1352},{"bookingid":3831},{"bookingid":3556},{"bookingid":1011},{"bookingid":1390},{"bookingid":4776},{"bookingid":3858},{"bookingid":2971},{"bookingid":4554},{"bookingid":4375},{"bookingid":2157},{"bookingid":529},{"bookingid":1517},{"bookingid":4773},{"bookingid":757},{"bookingid":4876},{"bookingid":5005},{"bookingid":1057},{"bookingid":5124},{"bookingid":1710},{"bookingid":5152},{"bookingid":216},{"bookingid":2940},{"bookingid":2471},{"bookingid":96},{"bookingid":3518},{"bookingid":5149},{"bookingid":968},{"bookingid":3206},{"bookingid":2194},{"bookingid":1848},{"bookingid":4946},{"bookingid":1656},{"bookingid":2712},{"bookingid":307},{"bookingid":3983},{"bookingid":4163},{"bookingid":4555},{"bookingid":1652},{"bookingid":2306},{"bookingid":2323},{"bookingid":508},{"bookingid":4327},{"bookingid":2479},{"bookingid":819},{"bookingid":2251},{"bookingid":4519},{"bookingid":1737},{"bookingid":44},{"bookingid":4389},{"bookingid":12},{"bookingid":4241},{"bookingid":2305},{"bookingid":4738},{"bookingid":1690},{"bookingid":3255},{"bookingid":2608},{"bookingid":4486},{"bookingid":3845},{"bookingid":5158},{"bookingid":2444},{"bookingid":1941},{"bookingid":2241},{"bookingid":3696},{"bookingid":5225},{"bookingid":74},{"bookingid":3270},{"bookingid":157},{"bookingid":3737},{"bookingid":2533},{"bookingid":5197},{"bookingid":4500},{"bookingid":1581},{"bookingid":2590},{"bookingid":5129},{"bookingid":1619},{"bookingid":2279},{"bookingid":2808},{"bookingid":2888},{"bookingid":4545},{"bookingid":3278},{"bookingid":358},{"bookingid":5167},{"bookingid":813},{"bookingid":5118},{"bookingid":2406},{"bookingid":448},{"bookingid":3479},{"bookingid":1035},{"bookingid":1678},{"bookingid":1298},{"bookingid":3521},{"bookingid":4150},{"bookingid":1178},{"bookingid":1396},{"bookingid":1382},{"bookingid":4453},{"bookingid":1496},{"bookingid":465},{"bookingid":763},{"bookingid":3721},{"bookingid":4119},{"bookingid":1116},{"bookingid":1019},{"bookingid":2206},{"bookingid":4512},{"bookingid":1416},{"bookingid":1774},{"bookingid":4767},{"bookingid":3555},{"bookingid":622},{"bookingid":293},{"bookingid":2907},{"bookingid":852},{"bookingid":2049},{"bookingid":1507},{"bookingid":2845},{"bookingid":1112},{"bookingid":4383},{"bookingid":1257},{"bookingid":2731},{"bookingid":2793},{"bookingid":1530},{"bookingid":2622},{"bookingid":1102},{"bookingid":1945},{"bookingid":2548},{"bookingid":2709},{"bookingid":829},{"bookingid":975},{"bookingid":260},{"bookingid":1121},{"bookingid":2824},{"bookingid":4482},{"bookingid":1371},{"bookingid":315},{"bookingid":2584},{"bookingid":3193},{"bookingid":4291},{"bookingid":2331},{"bookingid":4549},{"bookingid":1963},{"bookingid":2598},{"bookingid":2451},{"bookingid":3693},{"bookingid":161},{"bookingid":3637},{"bookingid":1437},{"bookingid":2702},{"bookingid":1700},{"bookingid":5056},{"bookingid":1887},{"bookingid":1615},{"bookingid":2008},{"bookingid":13},{"bookingid":548},{"bookingid":1806},{"bookingid":3878},{"bookingid":1501},{"bookingid":5223},{"bookingid":5212},{"bookingid":381},{"bookingid":4270},{"bookingid":3379},{"bookingid":4691},{"bookingid":4797},{"bookingid":1269},{"bookingid":2531},{"bookingid":1869},{"bookingid":2759},{"bookingid":1449},{"bookingid":3146},{"bookingid":4755},{"bookingid":273},{"bookingid":1523},{"bookingid":2315},{"bookingid":3162},{"bookingid":3167},{"bookingid":147},{"bookingid":481},{"bookingid":24},{"bookingid":3688},{"bookingid":3717},{"bookingid":335},{"bookingid":828},{"bookingid":5059},{"bookingid":4565},{"bookingid":2181},{"bookingid":458},{"bookingid":3573},{"bookingid":3650},{"bookingid":2999},{"bookingid":2938},{"bookingid":510},{"bookingid":3323},{"bookingid":862},{"bookingid":4169},{"bookingid":2860},{"bookingid":3057},{"bookingid":1179},{"bookingid":437},{"bookingid":4053},{"bookingid":2485},{"bookingid":2048},{"bookingid":4874},{"bookingid":2224},{"bookingid":3768},{"bookingid":3649},{"bookingid":2045},{"bookingid":1343},{"bookingid":165},{"bookingid":934},{"bookingid":2185},{"bookingid":3825},{"bookingid":3332},{"bookingid":322},{"bookingid":3145},{"bookingid":3254},{"bookingid":1609},{"bookingid":1367},{"bookingid":3959},{"bookingid":5238},{"bookingid":1695},{"bookingid":4400},{"bookingid":3406},{"bookingid":1074},{"bookingid":3932},{"bookingid":4613},{"bookingid":3233},{"bookingid":4343},{"bookingid":2665},{"bookingid":5146},{"bookingid":2770},{"bookingid":4649},{"bookingid":3284},{"bookingid":2086},{"bookingid":2191},{"bookingid":4085},{"bookingid":225},{"bookingid":4170},{"bookingid":2821},{"bookingid":5218},{"bookingid":1856},{"bookingid":3485},{"bookingid":1978},{"bookingid":1810},{"bookingid":2363},{"bookingid":2353},{"bookingid":858},{"bookingid":4661},{"bookingid":2167},{"bookingid":4861},{"bookingid":987},{"bookingid":4272},{"bookingid":3716},{"bookingid":1736},{"bookingid":4311},{"bookingid":4279},{"bookingid":294},{"bookingid":568},{"bookingid":927},{"bookingid":3763},{"bookingid":2501},{"bookingid":1194},{"bookingid":1332},{"bookingid":4521},{"bookingid":4999},{"bookingid":4200},{"bookingid":4969},{"bookingid":3071},{"bookingid":3656},{"bookingid":5191},{"bookingid":479},{"bookingid":2529},{"bookingid":2921},{"bookingid":143},{"bookingid":4930},{"bookingid":3685},{"bookingid":648},{"bookingid":2772},{"bookingid":411},{"bookingid":899},{"bookingid":4948},{"bookingid":2091},{"bookingid":2603},{"bookingid":2028},{"bookingid":3916},{"bookingid":223},{"bookingid":3690},{"bookingid":4838},{"bookingid":3558},{"bookingid":4022},{"bookingid":736},{"bookingid":4247},{"bookingid":5147},{"bookingid":3516},{"bookingid":1831},{"bookingid":663},{"bookingid":811},{"bookingid":2915},{"bookingid":4495},{"bookingid":683},{"bookingid":4030},{"bookingid":1890},{"bookingid":2193},{"bookingid":4660},{"bookingid":5171},{"bookingid":3117},{"bookingid":4007},{"bookingid":1458},{"bookingid":2269},{"bookingid":2076},{"bookingid":937},{"bookingid":2701},{"bookingid":1128},{"bookingid":4038},{"bookingid":300},{"bookingid":5176},{"bookingid":502},{"bookingid":1886},{"bookingid":3200},{"bookingid":2554},{"bookingid":3243},{"bookingid":1638},{"bookingid":3933},{"bookingid":3726},{"bookingid":1208},{"bookingid":4647},{"bookingid":4690},{"bookingid":3172},{"bookingid":2932},{"bookingid":4849},{"bookingid":5248},{"bookingid":5253},{"bookingid":4856},{"bookingid":4573},{"bookingid":2900},{"bookingid":518},{"bookingid":4427},{"bookingid":5155},{"bookingid":2697},{"bookingid":4057},{"bookingid":4672},{"bookingid":31},{"bookingid":931},{"bookingid":4702},{"bookingid":1472},{"bookingid":445},{"bookingid":817},{"bookingid":494},{"bookingid":710},{"bookingid":2265},{"bookingid":2220},{"bookingid":1505},{"bookingid":4432},{"bookingid":203},{"bookingid":1665},{"bookingid":4815},{"bookingid":5075},{"bookingid":5058},{"bookingid":4842},{"bookingid":1250},{"bookingid":454},{"bookingid":613},{"bookingid":3966},{"bookingid":3948},{"bookingid":1919},{"bookingid":3066},{"bookingid":3181},{"bookingid":478},{"bookingid":2385},{"bookingid":1165},{"bookingid":1047},{"bookingid":1538},{"bookingid":844},{"bookingid":2200},{"bookingid":3073},{"bookingid":4859},{"bookingid":4280},{"bookingid":1030},{"bookingid":415},{"bookingid":378},{"bookingid":790},{"bookingid":2711},{"bookingid":1843},{"bookingid":5104},{"bookingid":4075},{"bookingid":5003},{"bookingid":2037},{"bookingid":4433},{"bookingid":555},{"bookingid":4594},{"bookingid":4098},{"bookingid":4961},{"bookingid":3804},{"bookingid":1610},{"bookingid":5004},{"bookingid":832},{"bookingid":258},{"bookingid":3331},{"bookingid":4376},{"bookingid":5183},{"bookingid":3947},{"bookingid":2830},{"bookingid":2953},{"bookingid":2863},{"bookingid":1134},{"bookingid":3381},{"bookingid":4654},{"bookingid":5236},{"bookingid":3079},{"bookingid":308},{"bookingid":547},{"bookingid":1553},{"bookingid":977},{"bookingid":2060},{"bookingid":2021},{"bookingid":4367},{"bookingid":3614},{"bookingid":605},{"bookingid":3886},{"bookingid":1562},{"bookingid":4483},{"bookingid":3545},{"bookingid":1892},{"bookingid":4558},{"bookingid":2580},{"bookingid":2178},{"bookingid":270},{"bookingid":2111},{"bookingid":503},{"bookingid":719},{"bookingid":5093},{"bookingid":739},{"bookingid":41},{"bookingid":2209},{"bookingid":2535},{"bookingid":666},{"bookingid":4921},{"bookingid":4753},{"bookingid":3293},{"bookingid":3006},{"bookingid":2274},{"bookingid":1082},{"bookingid":2753},{"bookingid":1763},{"bookingid":1732},{"bookingid":2691},{"bookingid":3734},{"bookingid":4189},{"bookingid":1087},{"bookingid":5229},{"bookingid":3264},{"bookingid":3942},{"bookingid":1373},{"bookingid":3042},{"bookingid":104},{"bookingid":4618},{"bookingid":4034},{"bookingid":1575},{"bookingid":2773},{"bookingid":2454},{"bookingid":850},{"bookingid":3760},{"bookingid":999},{"bookingid":950},{"bookingid":3872},{"bookingid":2281},{"bookingid":2895},{"bookingid":5243},{"bookingid":4889},{"bookingid":3930},{"bookingid":4801},{"bookingid":4606},{"bookingid":1529},{"bookingid":3377},{"bookingid":764},{"bookingid":29},{"bookingid":2478},{"bookingid":3847},{"bookingid":4843},{"bookingid":4678},{"bookingid":2417},{"bookingid":1398},{"bookingid":2423},{"bookingid":5123},{"bookingid":2356},{"bookingid":1117},{"bookingid":3376},{"bookingid":1742},{"bookingid":4735},{"bookingid":1071},{"bookingid":3862},{"bookingid":4841},{"bookingid":330},{"bookingid":5087},{"bookingid":4537},{"bookingid":3533},{"bookingid":4208},{"bookingid":4637},{"bookingid":1550},{"bookingid":176},{"bookingid":1288},{"bookingid":4869},{"bookingid":4712},{"bookingid":1381},{"bookingid":1432},{"bookingid":895},{"bookingid":2919},{"bookingid":1372},{"bookingid":2621},{"bookingid":344},{"bookingid":576},{"bookingid":156},{"bookingid":2508},{"bookingid":3084},{"bookingid":5239},{"bookingid":593},{"bookingid":2376},{"bookingid":4926},{"bookingid":3865}]</msg>
<arg>${response.content}</arg>
<doc>Logs the given message with the given level.</doc>
<status status="PASS" start="2025-10-29T16:00:52.986566" elapsed="0.000863"/>
</kw>
<kw name="Log To Console" owner="BuiltIn">
<arg>${response.content}</arg>
<doc>Logs the given message to the console.</doc>
<status status="PASS" start="2025-10-29T16:00:52.987572" elapsed="0.002671"/>
</kw>
<status status="PASS" start="2025-10-29T16:00:52.242291" elapsed="0.748209"/>
</test>
<test id="s1-t2" name="Get Bookin Id" line="18">
<kw name="Create Session" owner="RequestsLibrary">
<msg time="2025-10-29T16:00:52.991337" level="INFO">Creating Session using : alias=SESSION, url=https://restful-booker.herokuapp.com, headers={},                     cookies={}, auth=None, timeout=None, proxies=None, verify=False,                     debug=0 </msg>
<arg>SESSION</arg>
<arg>${BASE_URL}</arg>
<arg>disable_warnings=1</arg>
<doc>Create Session: create a HTTP session to a server</doc>
<status status="PASS" start="2025-10-29T16:00:52.991126" elapsed="0.000655"/>
</kw>
<kw name="GET On Session" owner="RequestsLibrary">
<msg time="2025-10-29T16:00:53.438787" level="INFO">GET Request : url=https://restful-booker.herokuapp.com/booking/412 
 path_url=/booking/412 
 headers={'User-Agent': 'python-requests/2.32.5', 'Accept-Encoding': 'gzip, deflate', 'Accept': '*/*', 'Connection': 'keep-alive'} 
 body=None 
 </msg>
<msg time="2025-10-29T16:00:53.439025" level="INFO">GET Response : url=https://restful-booker.herokuapp.com/booking/412 
 status=200, reason=OK 
 headers={'Content-Length': '169', 'Content-Type': 'application/json; charset=utf-8', 'Date': 'Wed, 29 Oct 2025 15:00:50 GMT', 'Etag': 'W/"a9-pLno4M4jARCCH8k0BsLT0ALMqUE"', 'Nel': '{"report_to":"heroku-nel","response_headers":["Via"],"max_age":3600,"success_fraction":0.01,"failure_fraction":0.1}', 'Report-To': '{"group":"heroku-nel","endpoints":[{"url":"https://nel.heroku.com/reports?s=iNmlI19Rby%2FMWAui%2BH5ohxz7IxLN96MhupDcPKPoWJ8%3D\\u0026sid=c46efe9b-d3d2-4a0c-8c76-bfafa16c5add\\u0026ts=1761750050"}],"max_age":3600}', 'Reporting-Endpoints': 'heroku-nel="https://nel.heroku.com/reports?s=iNmlI19Rby%2FMWAui%2BH5ohxz7IxLN96MhupDcPKPoWJ8%3D&amp;sid=c46efe9b-d3d2-4a0c-8c76-bfafa16c5add&amp;ts=1761750050"', 'Server': 'Heroku', 'Via': '1.1 heroku-router', 'X-Powered-By': 'Express'} 
 body={"firstname":"John","lastname":"Smith","totalprice":111,"depositpaid":true,"bookingdates":{"checkin":"2018-01-01","checkout":"2019-01-01"},"additionalneeds":"Breakfast"} 
 </msg>
<msg time="2025-10-29T16:00:53.439336" level="INFO">${response} = &lt;Response [200]&gt;</msg>
<var>${response}</var>
<arg>SESSION</arg>
<arg>${ENDPOINT}/412</arg>
<doc>Sends a GET request on a previously created HTTP Session.</doc>
<status status="PASS" start="2025-10-29T16:00:52.991970" elapsed="0.447428"/>
</kw>
<kw name="Status Should Be" owner="RequestsLibrary">
<arg>200</arg>
<doc>Fails if response status code is different than the expected.</doc>
<status status="PASS" start="2025-10-29T16:00:53.440309" elapsed="0.000303"/>
</kw>
<kw name="Log" owner="BuiltIn">
<msg time="2025-10-29T16:00:53.442416" level="INFO">{"firstname":"John","lastname":"Smith","totalprice":111,"depositpaid":true,"bookingdates":{"checkin":"2018-01-01","checkout":"2019-01-01"},"additionalneeds":"Breakfast"}</msg>
<arg>${response.content}</arg>
<doc>Logs the given message with the given level.</doc>
<status status="PASS" start="2025-10-29T16:00:53.441279" elapsed="0.001254"/>
</kw>
<kw name="Log To Console" owner="BuiltIn">
<arg>content:${response.content}</arg>
<doc>Logs the given message to the console.</doc>
<status status="PASS" start="2025-10-29T16:00:53.443278" elapsed="0.001576"/>
</kw>
<kw name="Convert String To Json" owner="JSONLibrary">
<msg time="2025-10-29T16:00:53.446596" level="INFO">${convert} = {'firstname': 'John', 'lastname': 'Smith', 'totalprice': 111, 'depositpaid': True, 'bookingdates': {'checkin': '2018-01-01', 'checkout': '2019-01-01'}, 'additionalneeds': 'Breakfast'}</msg>
<var>${convert}</var>
<arg>${response.content}</arg>
<doc>Convert String to JSON object</doc>
<status status="PASS" start="2025-10-29T16:00:53.445579" elapsed="0.001065"/>
</kw>
<kw name="Log To Console" owner="BuiltIn">
<arg>json:${convert}</arg>
<doc>Logs the given message to the console.</doc>
<status status="PASS" start="2025-10-29T16:00:53.447144" elapsed="0.000536"/>
</kw>
<kw name="Get Value From Json" owner="JSONLibrary">
<msg time="2025-10-29T16:00:53.508661" level="INFO">${value} = ['Smith']</msg>
<var>${value}</var>
<arg>${convert}</arg>
<arg>$.lastname</arg>
<doc>Get Value From JSON using JSONPath</doc>
<status status="PASS" start="2025-10-29T16:00:53.448164" elapsed="0.060532"/>
</kw>
<kw name="Log To Console" owner="BuiltIn">
<arg>json value:${value}</arg>
<doc>Logs the given message to the console.</doc>
<status status="PASS" start="2025-10-29T16:00:53.509157" elapsed="0.000359"/>
</kw>
<kw name="Convert To String" owner="BuiltIn">
<msg time="2025-10-29T16:00:53.510207" level="INFO">${string} = ['Smith']</msg>
<var>${string}</var>
<arg>${value}</arg>
<doc>Converts the given item to a Unicode string.</doc>
<status status="PASS" start="2025-10-29T16:00:53.510016" elapsed="0.000217"/>
</kw>
<kw name="Remove String Using Regexp" owner="String">
<msg time="2025-10-29T16:00:53.510788" level="INFO">${final_value} = Smith</msg>
<var>${final_value}</var>
<arg>${string}</arg>
<arg>['\\[\\]]</arg>
<doc>Removes ``patterns`` from the given ``string``.</doc>
<status status="PASS" start="2025-10-29T16:00:53.510589" elapsed="0.000218"/>
</kw>
<kw name="Log To Console" owner="BuiltIn">
<arg>final_value:${final_value}</arg>
<doc>Logs the given message to the console.</doc>
<status status="PASS" start="2025-10-29T16:00:53.511105" elapsed="0.000337"/>
</kw>
<tag>tc1</tag>
<status status="PASS" start="2025-10-29T16:00:52.990797" elapsed="0.520917"/>
</test>
<test id="s1-t3" name="Get Bookin Id whitout session" line="33">
<kw name="GET" owner="RequestsLibrary">
<msg time="2025-10-29T16:00:54.174021" level="INFO">GET Request : url=https://restful-booker.herokuapp.com/booking/412 
 path_url=/booking/412 
 headers={'User-Agent': 'python-requests/2.32.5', 'Accept-Encoding': 'gzip, deflate', 'Accept': '*/*', 'Connection': 'keep-alive'} 
 body=None 
 </msg>
<msg time="2025-10-29T16:00:54.174207" level="INFO">GET Response : url=https://restful-booker.herokuapp.com/booking/412 
 status=200, reason=OK 
 headers={'Content-Length': '169', 'Content-Type': 'application/json; charset=utf-8', 'Date': 'Wed, 29 Oct 2025 15:00:51 GMT', 'Etag': 'W/"a9-pLno4M4jARCCH8k0BsLT0ALMqUE"', 'Nel': '{"report_to":"heroku-nel","response_headers":["Via"],"max_age":3600,"success_fraction":0.01,"failure_fraction":0.1}', 'Report-To': '{"group":"heroku-nel","endpoints":[{"url":"https://nel.heroku.com/reports?s=2TgiFfli4vl9lB5r%2BRnKjy36NUm793IA2%2BlXvzSHGXU%3D\\u0026sid=c46efe9b-d3d2-4a0c-8c76-bfafa16c5add\\u0026ts=1761750051"}],"max_age":3600}', 'Reporting-Endpoints': 'heroku-nel="https://nel.heroku.com/reports?s=2TgiFfli4vl9lB5r%2BRnKjy36NUm793IA2%2BlXvzSHGXU%3D&amp;sid=c46efe9b-d3d2-4a0c-8c76-bfafa16c5add&amp;ts=1761750051"', 'Server': 'Heroku', 'Via': '1.1 heroku-router', 'X-Powered-By': 'Express'} 
 body={"firstname":"John","lastname":"Smith","totalprice":111,"depositpaid":true,"bookingdates":{"checkin":"2018-01-01","checkout":"2019-01-01"},"additionalneeds":"Breakfast"} 
 </msg>
<msg time="2025-10-29T16:00:54.174480" level="INFO">${response} = &lt;Response [200]&gt;</msg>
<var>${response}</var>
<arg>${BASE_URL}${ENDPOINT}/412</arg>
<arg>expected_status=200</arg>
<doc>Sends a GET request.</doc>
<status status="PASS" start="2025-10-29T16:00:53.513065" elapsed="0.661543"/>
</kw>
<kw name="Log To Console" owner="BuiltIn">
<arg>response:${response}</arg>
<doc>Logs the given message to the console.</doc>
<status status="PASS" start="2025-10-29T16:00:54.175465" elapsed="0.000840"/>
</kw>
<kw name="Log To Console" owner="BuiltIn">
<arg>totalprice:${response.json()}[totalprice]</arg>
<doc>Logs the given message to the console.</doc>
<status status="PASS" start="2025-10-29T16:00:54.176981" elapsed="0.001671"/>
</kw>
<kw name="Log To Console" owner="BuiltIn">
<arg>checkin:${response.json()}[bookingdates][checkin]</arg>
<doc>Logs the given message to the console.</doc>
<status status="PASS" start="2025-10-29T16:00:54.179535" elapsed="0.001588"/>
</kw>
<kw name="Log To Console" owner="BuiltIn">
<arg>checkout:${response.json()}[bookingdates][checkout]</arg>
<doc>Logs the given message to the console.</doc>
<status status="PASS" start="2025-10-29T16:00:54.181860" elapsed="0.001406"/>
</kw>
<tag>tc2</tag>
<status status="PASS" start="2025-10-29T16:00:53.512535" elapsed="0.671217"/>
</test>
<doc>API automation robot framework</doc>
<status status="PASS" start="2025-10-29T16:00:52.080001" elapsed="2.105419"/>
</suite>
<statistics>
<total>
<stat pass="3" fail="0" skip="0">All Tests</stat>
</total>
<tag>
<stat pass="1" fail="0" skip="0">tc1</stat>
<stat pass="1" fail="0" skip="0">tc2</stat>
</tag>
<suite>
<stat name="Get Request" id="s1" pass="3" fail="0" skip="0">Get Request</stat>
</suite>
</statistics>
<errors>
</errors>
</robot>
