<?xml version="1.0" encoding="UTF-8"?>
<robot generator="Robot 7.3.2 (Python 3.13.7 on win32)" generated="2025-10-13T16:56:21.555576" rpa="false" schemaversion="5">
<suite id="s1" name="AllVariables" source="C:\Dev\Robotframework_Automation\TestCases\Variables\AllVariables.robot">
<test id="s1-t1" name="Test Case 1" line="12">
<kw name="Log" owner="BuiltIn">
<msg time="2025-10-13T16:56:21.801852" level="INFO">my_value</msg>
<arg>${my_var}</arg>
<doc>Logs the given message with the given level.</doc>
<status status="PASS" start="2025-10-13T16:56:21.801687" elapsed="0.000222"/>
</kw>
<kw name="Log" owner="BuiltIn">
<msg time="2025-10-13T16:56:21.802305" level="INFO">['Apple', 'Banana', 'Orange']</msg>
<arg>${my_list}</arg>
<doc>Logs the given message with the given level.</doc>
<status status="PASS" start="2025-10-13T16:56:21.802181" elapsed="0.000164"/>
</kw>
<kw name="Log" owner="BuiltIn">
<msg time="2025-10-13T16:56:21.802656" level="INFO">{'name': 'goran', 'password': 'andrejevic', 'id': '12'}</msg>
<arg>${my_dict}</arg>
<doc>Logs the given message with the given level.</doc>
<status status="PASS" start="2025-10-13T16:56:21.802569" elapsed="0.000124"/>
</kw>
<kw name="Log" owner="BuiltIn">
<msg time="2025-10-13T16:56:21.803102" level="INFO">goran</msg>
<arg>${my_dict}[name]</arg>
<doc>Logs the given message with the given level.</doc>
<status status="PASS" start="2025-10-13T16:56:21.802863" elapsed="0.000274"/>
</kw>
<kw name="Log" owner="BuiltIn">
<msg time="2025-10-13T16:56:21.803483" level="INFO">andrejevic</msg>
<arg>${my_dict}[password]</arg>
<doc>Logs the given message with the given level.</doc>
<status status="PASS" start="2025-10-13T16:56:21.803379" elapsed="0.000146"/>
</kw>
<kw name="Log Many" owner="BuiltIn">
<msg time="2025-10-13T16:56:21.803806" level="INFO">Apple</msg>
<msg time="2025-10-13T16:56:21.803833" level="INFO">Banana</msg>
<msg time="2025-10-13T16:56:21.803852" level="INFO">Orange</msg>
<arg>@{my_list}</arg>
<doc>Logs the given messages as separate entries using the INFO level.</doc>
<status status="PASS" start="2025-10-13T16:56:21.803731" elapsed="0.000145"/>
</kw>
<kw name="Log Many" owner="BuiltIn">
<msg time="2025-10-13T16:56:21.804735" level="INFO">['Apple', 'Banana', 'Orange']</msg>
<arg>${my_list}</arg>
<doc>Logs the given messages as separate entries using the INFO level.</doc>
<status status="PASS" start="2025-10-13T16:56:21.804424" elapsed="0.000388"/>
</kw>
<kw name="Log" owner="BuiltIn">
<msg time="2025-10-13T16:56:21.805172" level="INFO">Apple</msg>
<arg>${my_list}[0]</arg>
<doc>Logs the given message with the given level.</doc>
<status status="PASS" start="2025-10-13T16:56:21.805031" elapsed="0.000175"/>
</kw>
<kw name="Log" owner="BuiltIn">
<msg time="2025-10-13T16:56:21.805463" level="INFO">Banana</msg>
<arg>${my_list}[1]</arg>
<doc>Logs the given message with the given level.</doc>
<status status="PASS" start="2025-10-13T16:56:21.805370" elapsed="0.000124"/>
</kw>
<kw name="Log" owner="BuiltIn">
<msg time="2025-10-13T16:56:21.805752" level="INFO">Orange</msg>
<arg>${my_list}[2]</arg>
<doc>Logs the given message with the given level.</doc>
<status status="PASS" start="2025-10-13T16:56:21.805667" elapsed="0.000114"/>
</kw>
<for flavor="IN">
<iter>
<kw name="Log" owner="BuiltIn">
<msg time="2025-10-13T16:56:21.806173" level="INFO">Apple</msg>
<arg>${item}</arg>
<doc>Logs the given message with the given level.</doc>
<status status="PASS" start="2025-10-13T16:56:21.806099" elapsed="0.000103"/>
</kw>
<var name="${item}">Apple</var>
<status status="PASS" start="2025-10-13T16:56:21.806034" elapsed="0.000197"/>
</iter>
<iter>
<kw name="Log" owner="BuiltIn">
<msg time="2025-10-13T16:56:21.806423" level="INFO">Banana</msg>
<arg>${item}</arg>
<doc>Logs the given message with the given level.</doc>
<status status="PASS" start="2025-10-13T16:56:21.806356" elapsed="0.000098"/>
</kw>
<var name="${item}">Banana</var>
<status status="PASS" start="2025-10-13T16:56:21.806304" elapsed="0.000178"/>
</iter>
<iter>
<kw name="Log" owner="BuiltIn">
<msg time="2025-10-13T16:56:21.806665" level="INFO">Orange</msg>
<arg>${item}</arg>
<doc>Logs the given message with the given level.</doc>
<status status="PASS" start="2025-10-13T16:56:21.806591" elapsed="0.000103"/>
</kw>
<var name="${item}">Orange</var>
<status status="PASS" start="2025-10-13T16:56:21.806542" elapsed="0.000182"/>
</iter>
<var>${item}</var>
<value>@{my_list}</value>
<status status="PASS" start="2025-10-13T16:56:21.805875" elapsed="0.000879"/>
</for>
<for flavor="IN">
<iter>
<kw name="Log Many" owner="BuiltIn">
<msg time="2025-10-13T16:56:21.807142" level="INFO">name</msg>
<msg time="2025-10-13T16:56:21.807180" level="INFO">goran</msg>
<arg>${key}</arg>
<arg>${value}</arg>
<doc>Logs the given messages as separate entries using the INFO level.</doc>
<status status="PASS" start="2025-10-13T16:56:21.807073" elapsed="0.000132"/>
</kw>
<var name="${key}">name</var>
<var name="${value}">goran</var>
<status status="PASS" start="2025-10-13T16:56:21.807016" elapsed="0.000221"/>
</iter>
<iter>
<kw name="Log Many" owner="BuiltIn">
<msg time="2025-10-13T16:56:21.807417" level="INFO">password</msg>
<msg time="2025-10-13T16:56:21.807451" level="INFO">andrejevic</msg>
<arg>${key}</arg>
<arg>${value}</arg>
<doc>Logs the given messages as separate entries using the INFO level.</doc>
<status status="PASS" start="2025-10-13T16:56:21.807358" elapsed="0.000117"/>
</kw>
<var name="${key}">password</var>
<var name="${value}">andrejevic</var>
<status status="PASS" start="2025-10-13T16:56:21.807309" elapsed="0.000197"/>
</iter>
<iter>
<kw name="Log Many" owner="BuiltIn">
<msg time="2025-10-13T16:56:21.807696" level="INFO">id</msg>
<msg time="2025-10-13T16:56:21.807731" level="INFO">12</msg>
<arg>${key}</arg>
<arg>${value}</arg>
<doc>Logs the given messages as separate entries using the INFO level.</doc>
<status status="PASS" start="2025-10-13T16:56:21.807637" elapsed="0.000119"/>
</kw>
<var name="${key}">id</var>
<var name="${value}">12</var>
<status status="PASS" start="2025-10-13T16:56:21.807587" elapsed="0.000198"/>
</iter>
<var>${key}</var>
<var>${value}</var>
<value>&amp;{my_dict}</value>
<status status="PASS" start="2025-10-13T16:56:21.806889" elapsed="0.000942"/>
</for>
<status status="PASS" start="2025-10-13T16:56:21.800852" elapsed="0.007189"/>
</test>
<test id="s1-t2" name="Test Case 2" line="34">
<kw name="Set Variable" owner="BuiltIn">
<msg time="2025-10-13T16:56:21.808654" level="INFO">${my_local_var} = Hello World</msg>
<var>${my_local_var}</var>
<arg>Hello World</arg>
<doc>Returns the given values which can then be assigned to a variables.</doc>
<status status="PASS" start="2025-10-13T16:56:21.808543" elapsed="0.000133"/>
</kw>
<kw name="Log" owner="BuiltIn">
<msg time="2025-10-13T16:56:21.808877" level="INFO">Hello World</msg>
<arg>${my_local_var}</arg>
<doc>Logs the given message with the given level.</doc>
<status status="PASS" start="2025-10-13T16:56:21.808795" elapsed="0.000120"/>
</kw>
<kw name="Set Suite Variable" owner="BuiltIn">
<msg time="2025-10-13T16:56:21.809500" level="INFO">${my_suite_var} = I'm a suite variable</msg>
<arg>${my_suite_var}</arg>
<arg>I'm a suite variable</arg>
<doc>Makes a variable available everywhere within the scope of the current suite.</doc>
<status status="PASS" start="2025-10-13T16:56:21.809029" elapsed="0.000507"/>
</kw>
<kw name="Set Global Variable" owner="BuiltIn">
<msg time="2025-10-13T16:56:21.810177" level="INFO">${my_global_var} = I'm a global variable</msg>
<arg>${my_global_var}</arg>
<arg>I'm a global variable</arg>
<doc>Makes a variable available globally in all tests and suites.</doc>
<status status="PASS" start="2025-10-13T16:56:21.809695" elapsed="0.000514"/>
</kw>
<status status="PASS" start="2025-10-13T16:56:21.808323" elapsed="0.002040"/>
</test>
<test id="s1-t3" name="Test Case 3" line="40">
<kw name="Log" owner="BuiltIn">
<msg time="2025-10-13T16:56:21.810875" level="INFO">I'm a suite variable</msg>
<arg>${my_suite_var}</arg>
<doc>Logs the given message with the given level.</doc>
<status status="PASS" start="2025-10-13T16:56:21.810778" elapsed="0.000130"/>
</kw>
<kw name="Log" owner="BuiltIn">
<msg time="2025-10-13T16:56:21.811242" level="INFO">I'm a global variable</msg>
<arg>${my_global_var}</arg>
<doc>Logs the given message with the given level.</doc>
<status status="PASS" start="2025-10-13T16:56:21.811155" elapsed="0.000127"/>
</kw>
<status status="PASS" start="2025-10-13T16:56:21.810585" elapsed="0.000846"/>
</test>
<test id="s1-t4" name="Test Case 4" line="45">
<kw name="My Keyword">
<kw name="Set Variable" owner="BuiltIn">
<msg time="2025-10-13T16:56:21.812369" level="INFO">${my_keyword_var} = Hello Keyword</msg>
<var>${my_keyword_var}</var>
<arg>Hello Keyword</arg>
<doc>Returns the given values which can then be assigned to a variables.</doc>
<status status="PASS" start="2025-10-13T16:56:21.812253" elapsed="0.000138"/>
</kw>
<kw name="Log" owner="BuiltIn">
<msg time="2025-10-13T16:56:21.812550" level="INFO">Hello Keyword</msg>
<arg>${my_keyword_var}</arg>
<doc>Logs the given message with the given level.</doc>
<status status="PASS" start="2025-10-13T16:56:21.812464" elapsed="0.000116"/>
</kw>
<kw name="Set Test Variable" owner="BuiltIn">
<msg time="2025-10-13T16:56:21.813145" level="INFO">${my_test_var} = I'm a test case variable</msg>
<arg>${my_test_var}</arg>
<arg>I'm a test case variable</arg>
<doc>Makes a variable available everywhere within the scope of the current test.</doc>
<status status="PASS" start="2025-10-13T16:56:21.812656" elapsed="0.000527"/>
</kw>
<kw name="Log Many" owner="BuiltIn">
<msg time="2025-10-13T16:56:21.813335" level="INFO">my_value</msg>
<msg time="2025-10-13T16:56:21.813402" level="INFO">['Apple', 'Banana', 'Orange']</msg>
<msg time="2025-10-13T16:56:21.813446" level="INFO">{'name': 'goran', 'password': 'andrejevic', 'id': '12'}</msg>
<arg>${my_var}</arg>
<arg>${my_list}</arg>
<arg>${my_dict}</arg>
<doc>Logs the given messages as separate entries using the INFO level.</doc>
<status status="PASS" start="2025-10-13T16:56:21.813265" elapsed="0.000215"/>
</kw>
<status status="PASS" start="2025-10-13T16:56:21.812030" elapsed="0.001525"/>
</kw>
<kw name="Log" owner="BuiltIn">
<msg time="2025-10-13T16:56:21.813913" level="INFO">I'm a test case variable</msg>
<arg>${my_test_var}</arg>
<doc>Logs the given message with the given level.</doc>
<status status="PASS" start="2025-10-13T16:56:21.813790" elapsed="0.000159"/>
</kw>
<status status="PASS" start="2025-10-13T16:56:21.811704" elapsed="0.002414"/>
</test>
<test id="s1-t5" name="Test Case 5" line="49">
<kw name="Keyword With Static Variables">
<kw name="Set Variable" owner="BuiltIn">
<msg time="2025-10-13T16:56:21.815025" level="INFO">${static variable} = This is a static variable.</msg>
<var>${static variable}</var>
<arg>This is a static variable.</arg>
<doc>Returns the given values which can then be assigned to a variables.</doc>
<status status="PASS" start="2025-10-13T16:56:21.814925" elapsed="0.000123"/>
</kw>
<kw name="Log To Console" owner="BuiltIn">
<arg>static variable:${static variable}</arg>
<doc>Logs the given message to the console.</doc>
<status status="PASS" start="2025-10-13T16:56:21.815123" elapsed="0.000204"/>
</kw>
<kw name="Set Local Variable" owner="BuiltIn">
<msg time="2025-10-13T16:56:21.815860" level="INFO">${other static variable} = Another way to set a static variable.</msg>
<arg>${other static variable}</arg>
<arg>Another way to set a static variable.</arg>
<doc>Makes a variable available everywhere within the local scope.</doc>
<status status="PASS" start="2025-10-13T16:56:21.815412" elapsed="0.000486"/>
</kw>
<kw name="Log To Console" owner="BuiltIn">
<arg>other static variable:${other static variable}</arg>
<doc>Logs the given message to the console.</doc>
<status status="PASS" start="2025-10-13T16:56:21.815983" elapsed="0.000173"/>
</kw>
<kw name="Catenate" owner="BuiltIn">
<msg time="2025-10-13T16:56:21.816413" level="INFO">${dynamic variable} = This is a static variable. Another way to set a static variable. myArgument</msg>
<var>${dynamic variable}</var>
<arg>SEPARATOR=${SPACE}</arg>
<arg>${static variable}</arg>
<arg>${other static variable}</arg>
<arg>${argument}</arg>
<doc>Catenates the given items together and returns the resulted string.</doc>
<status status="PASS" start="2025-10-13T16:56:21.816228" elapsed="0.000205"/>
</kw>
<kw name="Log To Console" owner="BuiltIn">
<arg>dynamic variable:${dynamic variable}</arg>
<doc>Logs the given message to the console.</doc>
<status status="PASS" start="2025-10-13T16:56:21.816499" elapsed="0.000162"/>
</kw>
<kw name="Evaluate" owner="BuiltIn">
<msg time="2025-10-13T16:56:21.816962" level="FAIL">Evaluating expression 'This is a static variable..upper()' failed: SyntaxError: invalid syntax (&lt;string&gt;, line 1)</msg>
<var>${another dynamic variable}</var>
<arg>${static variable}.upper()</arg>
<doc>Evaluates the given expression in Python and returns the result.</doc>
<status status="FAIL" start="2025-10-13T16:56:21.816734" elapsed="0.000384">Evaluating expression 'This is a static variable..upper()' failed: SyntaxError: invalid syntax (&lt;string&gt;, line 1)</status>
</kw>
<kw name="Log To Console" owner="BuiltIn">
<arg>another dynamic variable:${another dynamic variable}</arg>
<doc>Logs the given message to the console.</doc>
<status status="NOT RUN" start="2025-10-13T16:56:21.817201" elapsed="0.000019"/>
</kw>
<kw name="Should Not Be Equal" owner="BuiltIn">
<arg>${static variable}</arg>
<arg>${other static variable}</arg>
<doc>Fails if the given objects are equal.</doc>
<status status="NOT RUN" start="2025-10-13T16:56:21.817285" elapsed="0.000017"/>
</kw>
<arg>myArgument</arg>
<status status="FAIL" start="2025-10-13T16:56:21.814725" elapsed="0.002663">Evaluating expression 'This is a static variable..upper()' failed: SyntaxError: invalid syntax (&lt;string&gt;, line 1)</status>
</kw>
<status status="FAIL" start="2025-10-13T16:56:21.814383" elapsed="0.003214">Evaluating expression 'This is a static variable..upper()' failed: SyntaxError: invalid syntax (&lt;string&gt;, line 1)</status>
</test>
<test id="s1-t6" name="Test Case Dictionary For Loop" line="52">
<for flavor="IN">
<iter>
<kw name="Log To Console" owner="BuiltIn">
<arg>The current key is: ${key}</arg>
<doc>Logs the given message to the console.</doc>
<status status="PASS" start="2025-10-13T16:56:21.818495" elapsed="0.000194"/>
</kw>
<kw name="Log To Console" owner="BuiltIn">
<arg>The value is: ${my_dict["${key}"]}</arg>
<doc>Logs the given message to the console.</doc>
<status status="PASS" start="2025-10-13T16:56:21.818766" elapsed="0.000377"/>
</kw>
<var name="${key}">name</var>
<status status="PASS" start="2025-10-13T16:56:21.818429" elapsed="0.000750"/>
</iter>
<iter>
<kw name="Log To Console" owner="BuiltIn">
<arg>The current key is: ${key}</arg>
<doc>Logs the given message to the console.</doc>
<status status="PASS" start="2025-10-13T16:56:21.819314" elapsed="0.000151"/>
</kw>
<kw name="Log To Console" owner="BuiltIn">
<arg>The value is: ${my_dict["${key}"]}</arg>
<doc>Logs the given message to the console.</doc>
<status status="PASS" start="2025-10-13T16:56:21.819533" elapsed="0.000316"/>
</kw>
<var name="${key}">password</var>
<status status="PASS" start="2025-10-13T16:56:21.819255" elapsed="0.000631"/>
</iter>
<iter>
<kw name="Log To Console" owner="BuiltIn">
<arg>The current key is: ${key}</arg>
<doc>Logs the given message to the console.</doc>
<status status="PASS" start="2025-10-13T16:56:21.820051" elapsed="0.000150"/>
</kw>
<kw name="Log To Console" owner="BuiltIn">
<arg>The value is: ${my_dict["${key}"]}</arg>
<doc>Logs the given message to the console.</doc>
<status status="PASS" start="2025-10-13T16:56:21.820277" elapsed="0.000446"/>
</kw>
<var name="${key}">id</var>
<status status="PASS" start="2025-10-13T16:56:21.819974" elapsed="0.000801"/>
</iter>
<var>${key}</var>
<value>@{my_dict.keys()}</value>
<status status="PASS" start="2025-10-13T16:56:21.818061" elapsed="0.002752"/>
</for>
<for flavor="IN">
<iter>
<kw name="Log To Console" owner="BuiltIn">
<arg>key = ${key}, value = ${value}</arg>
<doc>Logs the given message to the console.</doc>
<status status="PASS" start="2025-10-13T16:56:21.821265" elapsed="0.000260"/>
</kw>
<var name="${key}">name</var>
<var name="${value}">goran</var>
<status status="PASS" start="2025-10-13T16:56:21.821191" elapsed="0.000449"/>
</iter>
<iter>
<kw name="Log To Console" owner="BuiltIn">
<arg>key = ${key}, value = ${value}</arg>
<doc>Logs the given message to the console.</doc>
<status status="PASS" start="2025-10-13T16:56:21.821801" elapsed="0.000201"/>
</kw>
<var name="${key}">password</var>
<var name="${value}">andrejevic</var>
<status status="PASS" start="2025-10-13T16:56:21.821739" elapsed="0.000299"/>
</iter>
<iter>
<kw name="Log To Console" owner="BuiltIn">
<arg>key = ${key}, value = ${value}</arg>
<doc>Logs the given message to the console.</doc>
<status status="PASS" start="2025-10-13T16:56:21.822176" elapsed="0.000184"/>
</kw>
<var name="${key}">id</var>
<var name="${value}">12</var>
<status status="PASS" start="2025-10-13T16:56:21.822121" elapsed="0.000275"/>
</iter>
<var>${key}</var>
<var>${value}</var>
<value>&amp;{my_dict}</value>
<status status="PASS" start="2025-10-13T16:56:21.821044" elapsed="0.001392"/>
</for>
<status status="PASS" start="2025-10-13T16:56:21.817856" elapsed="0.004715"/>
</test>
<test id="s1-t7" name="Test Case Tabs" line="61">
<for flavor="IN">
<iter>
<kw name="Log" owner="BuiltIn">
<msg time="2025-10-13T16:56:21.823313" level="INFO">key_1</msg>
<arg>${main_key}</arg>
<doc>Logs the given message with the given level.</doc>
<status status="PASS" start="2025-10-13T16:56:21.823228" elapsed="0.000123"/>
</kw>
<for flavor="IN">
<iter>
<kw name="Log" owner="BuiltIn">
<msg time="2025-10-13T16:56:21.823639" level="INFO">key_1_1</msg>
<arg>${sub_key}</arg>
<doc>Logs the given message with the given level.</doc>
<status status="PASS" start="2025-10-13T16:56:21.823563" elapsed="0.000107"/>
</kw>
<kw name="Log" owner="BuiltIn">
<msg time="2025-10-13T16:56:21.823808" level="INFO">value_1</msg>
<arg>${sub_value}</arg>
<doc>Logs the given message with the given level.</doc>
<status status="PASS" start="2025-10-13T16:56:21.823739" elapsed="0.000097"/>
</kw>
<var name="${sub_key}">key_1_1</var>
<var name="${sub_value}">value_1</var>
<status status="PASS" start="2025-10-13T16:56:21.823507" elapsed="0.000357"/>
</iter>
<iter>
<kw name="Log" owner="BuiltIn">
<msg time="2025-10-13T16:56:21.824069" level="INFO">key_1_2</msg>
<arg>${sub_key}</arg>
<doc>Logs the given message with the given level.</doc>
<status status="PASS" start="2025-10-13T16:56:21.823989" elapsed="0.000109"/>
</kw>
<kw name="Log" owner="BuiltIn">
<msg time="2025-10-13T16:56:21.824227" level="INFO">value_2</msg>
<arg>${sub_value}</arg>
<doc>Logs the given message with the given level.</doc>
<status status="PASS" start="2025-10-13T16:56:21.824160" elapsed="0.000096"/>
</kw>
<var name="${sub_key}">key_1_2</var>
<var name="${sub_value}">value_2</var>
<status status="PASS" start="2025-10-13T16:56:21.823936" elapsed="0.000348"/>
</iter>
<iter>
<kw name="Log" owner="BuiltIn">
<msg time="2025-10-13T16:56:21.824483" level="INFO">key_1_3</msg>
<arg>${sub_key}</arg>
<doc>Logs the given message with the given level.</doc>
<status status="PASS" start="2025-10-13T16:56:21.824414" elapsed="0.000096"/>
</kw>
<kw name="Log" owner="BuiltIn">
<msg time="2025-10-13T16:56:21.824635" level="INFO">value_3</msg>
<arg>${sub_value}</arg>
<doc>Logs the given message with the given level.</doc>
<status status="PASS" start="2025-10-13T16:56:21.824565" elapsed="0.000098"/>
</kw>
<var name="${sub_key}">key_1_3</var>
<var name="${sub_value}">value_3</var>
<status status="PASS" start="2025-10-13T16:56:21.824365" elapsed="0.000333"/>
</iter>
<var>${sub_key}</var>
<var>${sub_value}</var>
<value>&amp;{main_value}</value>
<status status="PASS" start="2025-10-13T16:56:21.823394" elapsed="0.001336"/>
</for>
<var name="${main_key}">key_1</var>
<var name="${main_value}">{'key_1_1': 'value_1', 'key_1_2': 'value_2', 'key_1_3': 'value_3'}</var>
<status status="PASS" start="2025-10-13T16:56:21.823167" elapsed="0.001600"/>
</iter>
<iter>
<kw name="Log" owner="BuiltIn">
<msg time="2025-10-13T16:56:21.825008" level="INFO">key_2</msg>
<arg>${main_key}</arg>
<doc>Logs the given message with the given level.</doc>
<status status="PASS" start="2025-10-13T16:56:21.824932" elapsed="0.000106"/>
</kw>
<for flavor="IN">
<iter>
<kw name="Log" owner="BuiltIn">
<msg time="2025-10-13T16:56:21.825310" level="INFO">key_2_1</msg>
<arg>${sub_key}</arg>
<doc>Logs the given message with the given level.</doc>
<status status="PASS" start="2025-10-13T16:56:21.825238" elapsed="0.000101"/>
</kw>
<kw name="Log" owner="BuiltIn">
<msg time="2025-10-13T16:56:21.825472" level="INFO">value_1</msg>
<arg>${sub_value}</arg>
<doc>Logs the given message with the given level.</doc>
<status status="PASS" start="2025-10-13T16:56:21.825399" elapsed="0.000104"/>
</kw>
<var name="${sub_key}">key_2_1</var>
<var name="${sub_value}">value_1</var>
<status status="PASS" start="2025-10-13T16:56:21.825187" elapsed="0.000344"/>
</iter>
<iter>
<kw name="Log" owner="BuiltIn">
<msg time="2025-10-13T16:56:21.825718" level="INFO">key_2_2</msg>
<arg>${sub_key}</arg>
<doc>Logs the given message with the given level.</doc>
<status status="PASS" start="2025-10-13T16:56:21.825651" elapsed="0.000100"/>
</kw>
<kw name="Log" owner="BuiltIn">
<msg time="2025-10-13T16:56:21.825872" level="INFO">value_2</msg>
<arg>${sub_value}</arg>
<doc>Logs the given message with the given level.</doc>
<status status="PASS" start="2025-10-13T16:56:21.825809" elapsed="0.000090"/>
</kw>
<var name="${sub_key}">key_2_2</var>
<var name="${sub_value}">value_2</var>
<status status="PASS" start="2025-10-13T16:56:21.825603" elapsed="0.000322"/>
</iter>
<iter>
<kw name="Log" owner="BuiltIn">
<msg time="2025-10-13T16:56:21.826109" level="INFO">key_2_3</msg>
<arg>${sub_key}</arg>
<doc>Logs the given message with the given level.</doc>
<status status="PASS" start="2025-10-13T16:56:21.826045" elapsed="0.000092"/>
</kw>
<kw name="Log" owner="BuiltIn">
<msg time="2025-10-13T16:56:21.826256" level="INFO">value_3</msg>
<arg>${sub_value}</arg>
<doc>Logs the given message with the given level.</doc>
<status status="PASS" start="2025-10-13T16:56:21.826191" elapsed="0.000091"/>
</kw>
<var name="${sub_key}">key_2_3</var>
<var name="${sub_value}">value_3</var>
<status status="PASS" start="2025-10-13T16:56:21.825994" elapsed="0.000320"/>
</iter>
<iter>
<kw name="Log" owner="BuiltIn">
<msg time="2025-10-13T16:56:21.826500" level="INFO">key_2_4</msg>
<arg>${sub_key}</arg>
<doc>Logs the given message with the given level.</doc>
<status status="PASS" start="2025-10-13T16:56:21.826431" elapsed="0.000098"/>
</kw>
<kw name="Log" owner="BuiltIn">
<msg time="2025-10-13T16:56:21.826658" level="INFO">value_4</msg>
<arg>${sub_value}</arg>
<doc>Logs the given message with the given level.</doc>
<status status="PASS" start="2025-10-13T16:56:21.826585" elapsed="0.000104"/>
</kw>
<var name="${sub_key}">key_2_4</var>
<var name="${sub_value}">value_4</var>
<status status="PASS" start="2025-10-13T16:56:21.826385" elapsed="0.000342"/>
</iter>
<var>${sub_key}</var>
<var>${sub_value}</var>
<value>&amp;{main_value}</value>
<status status="PASS" start="2025-10-13T16:56:21.825077" elapsed="0.001682"/>
</for>
<var name="${main_key}">key_2</var>
<var name="${main_value}">{'key_2_1': 'value_1', 'key_2_2': 'value_2', 'key_2_3': 'value_3', 'key_2_4': 'value_4'}</var>
<status status="PASS" start="2025-10-13T16:56:21.824877" elapsed="0.001917"/>
</iter>
<iter>
<kw name="Log" owner="BuiltIn">
<msg time="2025-10-13T16:56:21.827006" level="INFO">key_3</msg>
<arg>${main_key}</arg>
<doc>Logs the given message with the given level.</doc>
<status status="PASS" start="2025-10-13T16:56:21.826938" elapsed="0.000097"/>
</kw>
<for flavor="IN">
<iter>
<kw name="Log" owner="BuiltIn">
<msg time="2025-10-13T16:56:21.827306" level="INFO">key_3_1</msg>
<arg>${sub_key}</arg>
<doc>Logs the given message with the given level.</doc>
<status status="PASS" start="2025-10-13T16:56:21.827234" elapsed="0.000154"/>
</kw>
<kw name="Log" owner="BuiltIn">
<msg time="2025-10-13T16:56:21.827534" level="INFO">value_1</msg>
<arg>${sub_value}</arg>
<doc>Logs the given message with the given level.</doc>
<status status="PASS" start="2025-10-13T16:56:21.827454" elapsed="0.000108"/>
</kw>
<var name="${sub_key}">key_3_1</var>
<var name="${sub_value}">value_1</var>
<status status="PASS" start="2025-10-13T16:56:21.827176" elapsed="0.000415"/>
</iter>
<iter>
<kw name="Log" owner="BuiltIn">
<msg time="2025-10-13T16:56:21.827852" level="INFO">key_3_2</msg>
<arg>${sub_key}</arg>
<doc>Logs the given message with the given level.</doc>
<status status="PASS" start="2025-10-13T16:56:21.827761" elapsed="0.000127"/>
</kw>
<kw name="Log" owner="BuiltIn">
<msg time="2025-10-13T16:56:21.828022" level="INFO">value_2</msg>
<arg>${sub_value}</arg>
<doc>Logs the given message with the given level.</doc>
<status status="PASS" start="2025-10-13T16:56:21.827952" elapsed="0.000098"/>
</kw>
<var name="${sub_key}">key_3_2</var>
<var name="${sub_value}">value_2</var>
<status status="PASS" start="2025-10-13T16:56:21.827664" elapsed="0.000415"/>
</iter>
<var>${sub_key}</var>
<var>${sub_value}</var>
<value>&amp;{main_value}</value>
<status status="PASS" start="2025-10-13T16:56:21.827071" elapsed="0.001041"/>
</for>
<var name="${main_key}">key_3</var>
<var name="${main_value}">{'key_3_1': 'value_1', 'key_3_2': 'value_2'}</var>
<status status="PASS" start="2025-10-13T16:56:21.826885" elapsed="0.001266"/>
</iter>
<var>${main_key}</var>
<var>${main_value}</var>
<value>&amp;{tabs}</value>
<status status="PASS" start="2025-10-13T16:56:21.822993" elapsed="0.005190"/>
</for>
<status status="PASS" start="2025-10-13T16:56:21.822797" elapsed="0.005550"/>
</test>
<status status="FAIL" start="2025-10-13T16:56:21.557086" elapsed="0.271770"/>
</suite>
<statistics>
<total>
<stat pass="6" fail="1" skip="0">All Tests</stat>
</total>
<tag>
</tag>
<suite>
<stat name="AllVariables" id="s1" pass="6" fail="1" skip="0">AllVariables</stat>
</suite>
</statistics>
<errors>
</errors>
</robot>
