<?xml version="1.0" encoding="UTF-8"?>
<robot generator="Robot 7.3.2 (Python 3.13.7 on win32)" generated="2025-10-21T16:00:39.743421" rpa="false" schemaversion="5">
<suite id="s1" name="ParallelTest" source="C:\Dev\Robotframework_Automation\ParallelTest">
<suite id="s1-s1" name="SuiteA" source="C:\Dev\Robotframework_Automation\ParallelTest\SuiteA.robot">
<test id="s1-s1-t1" name="Test Case 1" line="6">
<kw name="Log" owner="BuiltIn" type="SETUP">
<msg time="2025-10-21T16:00:39.778072" level="INFO">Test Setup</msg>
<arg>Test Setup</arg>
<doc>Logs the given message with the given level.</doc>
<status status="PASS" start="2025-10-21T16:00:39.777885" elapsed="0.000241"/>
</kw>
<kw name="Log" owner="BuiltIn">
<msg time="2025-10-21T16:00:39.778399" level="INFO">Test Case 1</msg>
<arg>Test Case 1</arg>
<doc>Logs the given message with the given level.</doc>
<status status="PASS" start="2025-10-21T16:00:39.778267" elapsed="0.000173"/>
</kw>
<kw name="Sleep" owner="BuiltIn">
<msg time="2025-10-21T16:00:49.779130" level="INFO">Slept 10 seconds.</msg>
<arg>10s</arg>
<doc>Pauses the test executed for the given time.</doc>
<status status="PASS" start="2025-10-21T16:00:39.778527" elapsed="10.000795"/>
</kw>
<kw name="Log" owner="BuiltIn" type="TEARDOWN">
<msg time="2025-10-21T16:00:49.780398" level="INFO">Test Teardown</msg>
<arg>Test Teardown</arg>
<doc>Logs the given message with the given level.</doc>
<status status="PASS" start="2025-10-21T16:00:49.779764" elapsed="0.000747"/>
</kw>
<status status="PASS" start="2025-10-21T16:00:39.777331" elapsed="10.003346"/>
</test>
<status status="PASS" start="2025-10-21T16:00:39.776210" elapsed="10.005561"/>
</suite>
<status status="PASS" start="2025-10-21T16:00:39.764875" elapsed="10.018588"/>
</suite>
<statistics>
<total>
<stat pass="1" fail="0" skip="0">All Tests</stat>
</total>
<tag>
</tag>
<suite>
<stat name="ParallelTest" id="s1" pass="1" fail="0" skip="0">ParallelTest</stat>
<stat name="SuiteA" id="s1-s1" pass="1" fail="0" skip="0">ParallelTest.SuiteA</stat>
</suite>
</statistics>
<errors>
</errors>
</robot>
