<?xml version="1.0" encoding="UTF-8"?>
<robot generator="Robot 7.3.2 (Python 3.13.7 on win32)" generated="2025-10-21T16:00:39.727986" rpa="false" schemaversion="5">
<suite id="s1" name="ParallelTest" source="C:\Dev\Robotframework_Automation\ParallelTest">
<suite id="s1-s1" name="SuiteB" source="C:\Dev\Robotframework_Automation\ParallelTest\SuiteB.robot">
<test id="s1-s1-t1" name="Test Case A" line="2">
<kw name="Log" owner="BuiltIn">
<msg time="2025-10-21T16:00:39.770698" level="INFO">Test Case A</msg>
<arg>Test Case A</arg>
<doc>Logs the given message with the given level.</doc>
<status status="PASS" start="2025-10-21T16:00:39.770503" elapsed="0.000258"/>
</kw>
<kw name="Sleep" owner="BuiltIn">
<msg time="2025-10-21T16:00:49.771684" level="INFO">Slept 10 seconds.</msg>
<arg>10s</arg>
<doc>Pauses the test executed for the given time.</doc>
<status status="PASS" start="2025-10-21T16:00:39.770885" elapsed="10.001099"/>
</kw>
<status status="PASS" start="2025-10-21T16:00:39.769956" elapsed="10.002476"/>
</test>
<status status="PASS" start="2025-10-21T16:00:39.768812" elapsed="10.004663"/>
</suite>
<status status="PASS" start="2025-10-21T16:00:39.757683" elapsed="10.017081"/>
</suite>
<statistics>
<total>
<stat pass="1" fail="0" skip="0">All Tests</stat>
</total>
<tag>
</tag>
<suite>
<stat name="ParallelTest" id="s1" pass="1" fail="0" skip="0">ParallelTest</stat>
<stat name="SuiteB" id="s1-s1" pass="1" fail="0" skip="0">ParallelTest.SuiteB</stat>
</suite>
</statistics>
<errors>
</errors>
</robot>
