<?xml version="1.0" encoding="UTF-8"?>
<robot generator="Robot 7.3.2 (Python 3.13.7 on win32)" generated="2025-10-10T13:55:41.341265" rpa="false" schemaversion="5">
<suite id="s1" name="ParallelTest" source="C:\Dev\Robotframework_Automation\TestCases\ParallelTest">
<suite id="s1-s1" name="SuiteB" source="C:\Dev\Robotframework_Automation\TestCases\ParallelTest\SuiteB.robot">
<test id="s1-s1-t1" name="Test Case A" line="2">
<kw name="Log" owner="BuiltIn">
<msg time="2025-10-10T13:55:41.371253" level="INFO">Test Case A</msg>
<arg>Test Case A</arg>
<doc>Logs the given message with the given level.</doc>
<status status="PASS" start="2025-10-10T13:55:41.371092" elapsed="0.000214"/>
</kw>
<kw name="Sleep" owner="BuiltIn">
<msg time="2025-10-10T13:55:51.372461" level="INFO">Slept 10 seconds.</msg>
<arg>10s</arg>
<doc>Pauses the test executed for the given time.</doc>
<status status="PASS" start="2025-10-10T13:55:41.371432" elapsed="10.001299"/>
</kw>
<status status="PASS" start="2025-10-10T13:55:41.370544" elapsed="10.002611"/>
</test>
<test id="s1-s1-t2" name="Test Case B" line="6">
<kw name="Log" owner="BuiltIn">
<msg time="2025-10-10T13:55:51.375582" level="INFO">Test Case B</msg>
<arg>Test Case B</arg>
<doc>Logs the given message with the given level.</doc>
<status status="PASS" start="2025-10-10T13:55:51.375198" elapsed="0.000510"/>
</kw>
<kw name="Sleep" owner="BuiltIn">
<msg time="2025-10-10T13:56:01.376870" level="INFO">Slept 10 seconds.</msg>
<arg>10s</arg>
<doc>Pauses the test executed for the given time.</doc>
<status status="PASS" start="2025-10-10T13:55:51.375956" elapsed="10.001179"/>
</kw>
<status status="PASS" start="2025-10-10T13:55:51.373939" elapsed="10.003579"/>
</test>
<test id="s1-s1-t3" name="Test Case C" line="10">
<kw name="Log" owner="BuiltIn">
<msg time="2025-10-10T13:56:01.379227" level="INFO">Test Case D</msg>
<arg>Test Case D</arg>
<doc>Logs the given message with the given level.</doc>
<status status="PASS" start="2025-10-10T13:56:01.378836" elapsed="0.000511"/>
</kw>
<kw name="Sleep" owner="BuiltIn">
<msg time="2025-10-10T13:56:11.380562" level="INFO">Slept 10 seconds.</msg>
<arg>10s</arg>
<doc>Pauses the test executed for the given time.</doc>
<status status="PASS" start="2025-10-10T13:56:01.379655" elapsed="10.001020"/>
</kw>
<status status="PASS" start="2025-10-10T13:56:01.378130" elapsed="10.002682"/>
</test>
<status status="PASS" start="2025-10-10T13:55:41.369472" elapsed="30.011702"/>
</suite>
<status status="PASS" start="2025-10-10T13:55:41.357914" elapsed="30.024031"/>
</suite>
<statistics>
<total>
<stat pass="3" fail="0" skip="0">All Tests</stat>
</total>
<tag>
</tag>
<suite>
<stat name="ParallelTest" id="s1" pass="3" fail="0" skip="0">ParallelTest</stat>
<stat name="SuiteB" id="s1-s1" pass="3" fail="0" skip="0">ParallelTest.SuiteB</stat>
</suite>
</statistics>
<errors>
<msg time="2025-10-10T13:55:41.336369" level="ERROR">Error in file 'C:\Dev\Robotframework_Automation\TestCases\ParallelTest\SuiteA.robot' on line 2: Non-existing setting 'Test Suite Setup'.</msg>
<msg time="2025-10-10T13:55:41.336577" level="ERROR">Error in file 'C:\Dev\Robotframework_Automation\TestCases\ParallelTest\SuiteA.robot' on line 3: Non-existing setting 'Test Suite Teardown'. Did you mean:
    Suite Teardown</msg>
</errors>
</robot>
