<?xml version="1.0" encoding="UTF-8"?>
<robot generator="Robot 7.3.2 (Python 3.13.7 on win32)" generated="2025-10-21T16:00:39.707570" rpa="false" schemaversion="5">
<suite id="s1" name="ParallelTest" source="C:\Dev\Robotframework_Automation\ParallelTest">
<suite id="s1-s1" name="SuiteA" source="C:\Dev\Robotframework_Automation\ParallelTest\SuiteA.robot">
<test id="s1-s1-t1" name="Test Case 2" line="10">
<kw name="Log" owner="BuiltIn" type="SETUP">
<msg time="2025-10-21T16:00:39.754585" level="INFO">Test Setup</msg>
<arg>Test Setup</arg>
<doc>Logs the given message with the given level.</doc>
<status status="PASS" start="2025-10-21T16:00:39.754247" elapsed="0.000435"/>
</kw>
<kw name="Log" owner="BuiltIn">
<msg time="2025-10-21T16:00:39.755166" level="INFO">Test Case 2</msg>
<arg>Test Case 2</arg>
<doc>Logs the given message with the given level.</doc>
<status status="PASS" start="2025-10-21T16:00:39.754931" elapsed="0.000310"/>
</kw>
<kw name="Sleep" owner="BuiltIn">
<msg time="2025-10-21T16:00:49.756192" level="INFO">Slept 10 seconds.</msg>
<arg>10s</arg>
<doc>Pauses the test executed for the given time.</doc>
<status status="PASS" start="2025-10-21T16:00:39.755374" elapsed="10.001062"/>
</kw>
<kw name="Log" owner="BuiltIn" type="TEARDOWN">
<msg time="2025-10-21T16:00:49.757654" level="INFO">Test Teardown</msg>
<arg>Test Teardown</arg>
<doc>Logs the given message with the given level.</doc>
<status status="PASS" start="2025-10-21T16:00:49.757074" elapsed="0.000719"/>
</kw>
<status status="PASS" start="2025-10-21T16:00:39.753289" elapsed="10.004719"/>
</test>
<status status="PASS" start="2025-10-21T16:00:39.751378" elapsed="10.007969"/>
</suite>
<status status="PASS" start="2025-10-21T16:00:39.733707" elapsed="10.027232"/>
</suite>
<statistics>
<total>
<stat pass="1" fail="0" skip="0">All Tests</stat>
</total>
<tag>
</tag>
<suite>
<stat name="ParallelTest" id="s1" pass="1" fail="0" skip="0">ParallelTest</stat>
<stat name="SuiteA" id="s1-s1" pass="1" fail="0" skip="0">ParallelTest.SuiteA</stat>
</suite>
</statistics>
<errors>
</errors>
</robot>
