<?xml version="1.0" encoding="UTF-8"?>
<robot generator="Robot 7.3.2 (Python 3.13.7 on win32)" generated="2025-10-21T16:00:39.708371" rpa="false" schemaversion="5">
<suite id="s1" name="ParallelTest" source="C:\Dev\Robotframework_Automation\ParallelTest">
<suite id="s1-s1" name="SuiteB" source="C:\Dev\Robotframework_Automation\ParallelTest\SuiteB.robot">
<test id="s1-s1-t1" name="Test Case C" line="10">
<kw name="Log" owner="BuiltIn">
<msg time="2025-10-21T16:00:39.755741" level="INFO">Test Case D</msg>
<arg>Test Case D</arg>
<doc>Logs the given message with the given level.</doc>
<status status="PASS" start="2025-10-21T16:00:39.755480" elapsed="0.000327"/>
</kw>
<kw name="Sleep" owner="BuiltIn">
<msg time="2025-10-21T16:00:49.756706" level="INFO">Slept 10 seconds.</msg>
<arg>10s</arg>
<doc>Pauses the test executed for the given time.</doc>
<status status="PASS" start="2025-10-21T16:00:39.755954" elapsed="10.001025"/>
</kw>
<status status="PASS" start="2025-10-21T16:00:39.754622" elapsed="10.002822"/>
</test>
<status status="PASS" start="2025-10-21T16:00:39.752747" elapsed="10.006051"/>
</suite>
<status status="PASS" start="2025-10-21T16:00:39.734908" elapsed="10.026130"/>
</suite>
<statistics>
<total>
<stat pass="1" fail="0" skip="0">All Tests</stat>
</total>
<tag>
</tag>
<suite>
<stat name="ParallelTest" id="s1" pass="1" fail="0" skip="0">ParallelTest</stat>
<stat name="SuiteB" id="s1-s1" pass="1" fail="0" skip="0">ParallelTest.SuiteB</stat>
</suite>
</statistics>
<errors>
</errors>
</robot>
